Compilación iniciada a las 28/11/2012 1:53:59 A.M.
     1>Proyecto "C:\Users\Kolesias123\Google Drive\InfoSmart\Proyectos - Juegos\Apocalypse\src\vgui2\vgui_controls\vgui_controls-2005.vcxproj" en el nodo 2 (build destinos).
     1>InitializeBuildStatus:
         Se creará ".\Debug\vgui_controls.unsuccessfulbuild" porque se especificó "AlwaysCreate".
       ClCompile:
         c:\Program Files (x86)\Microsoft Visual Studio 10.0\VC\bin\CL.exe /c /I..\..\common /I..\..\public /I..\..\public\tier0 /I..\..\public\tier1 /ZI /nologo /W4 /WX- /Od /Oy- /D WIN32 /D _WIN32 /D _DEBUG /D DEBUG /D _LIB /D _CRT_SECURE_NO_DEPRECATE /D _CRT_NONSTDC_NO_DEPRECATE /D _MBCS /GF /Gm /RTC1 /MTd /GS- /fp:fast /Zc:wchar_t /Zc:forScope /GR /openmp- /Fo".\Debug\\" /Fd".\Debug\vc100.pdb" /Gd /TP /analyze- /errorReport:prompt AnalogBar.cpp AnimatingImagePanel.cpp AnimationController.cpp BitmapImagePanel.cpp BuildFactoryHelper.cpp BuildGroup.cpp BuildModeDialog.cpp Button.cpp CheckButton.cpp CheckButtonList.cpp CircularProgressBar.cpp ComboBox.cpp consoledialog.cpp ControllerMap.cpp controls.cpp DirectorySelectDialog.cpp Divider.cpp EditablePanel.cpp EntHTML.cpp ExpandButton.cpp FileOpenDialog.cpp FileOpenStateMachine.cpp ..\..\public\filesystem_helpers.cpp FocusNavGroup.cpp Frame.cpp GraphPanel.cpp HTML.cpp Image.cpp ImageList.cpp ImagePanel.cpp InputDialog.cpp KeyBindingHelpDialog.cpp KeyBoardEditorDialog.cpp KeyRepeat.cpp Label.cpp ListPanel.cpp ListViewPanel.cpp Menu.cpp MenuBar.cpp MenuButton.cpp MenuItem.cpp MessageBox.cpp MessageDialog.cpp Panel.cpp PanelListPanel.cpp PerforceFileExplorer.cpp PerforceFileList.cpp perforcefilelistframe.cpp ProgressBar.cpp ProgressBox.cpp PropertyDialog.cpp PropertyPage.cpp PropertySheet.cpp QueryBox.cpp RadioButton.cpp RichText.cpp RotatingProgressBar.cpp savedocumentquery.cpp ScalableImagePanel.cpp ScrollableEditablePanel.cpp ScrollBar.cpp ScrollBarSlider.cpp SectionedListPanel.cpp Slider.cpp Splitter.cpp subrectimage.cpp TextEntry.cpp TextImage.cpp ToggleButton.cpp Tooltip.cpp ToolWindow.cpp TreeView.cpp TreeViewListControl.cpp URLLabel.cpp WizardPanel.cpp WizardSubPanel.cpp
         WizardSubPanel.cpp
         WizardPanel.cpp
         URLLabel.cpp
         TreeViewListControl.cpp
         TreeView.cpp
         ToolWindow.cpp
         Tooltip.cpp
         ToggleButton.cpp
         TextImage.cpp
         TextEntry.cpp
         subrectimage.cpp
         Splitter.cpp
         Slider.cpp
         SectionedListPanel.cpp
         ScrollBarSlider.cpp
         ScrollBar.cpp
         ScrollableEditablePanel.cpp
         ScalableImagePanel.cpp
         savedocumentquery.cpp
         RotatingProgressBar.cpp
         Generando código...
         Compilando...
         RichText.cpp
         RadioButton.cpp
         QueryBox.cpp
         PropertySheet.cpp
         PropertyPage.cpp
         PropertyDialog.cpp
         ProgressBox.cpp
         ProgressBar.cpp
         perforcefilelistframe.cpp
         PerforceFileList.cpp
         PerforceFileExplorer.cpp
         PanelListPanel.cpp
         Panel.cpp
         MessageDialog.cpp
         MessageBox.cpp
         MenuItem.cpp
         MenuButton.cpp
         MenuBar.cpp
         Menu.cpp
         ListViewPanel.cpp
         Generando código...
         Compilando...
         ListPanel.cpp
         Label.cpp
         KeyRepeat.cpp
         KeyBoardEditorDialog.cpp
         KeyBindingHelpDialog.cpp
         InputDialog.cpp
         ImagePanel.cpp
         ImageList.cpp
         Image.cpp
         HTML.cpp
         GraphPanel.cpp
         Frame.cpp
         FocusNavGroup.cpp
         filesystem_helpers.cpp
         FileOpenStateMachine.cpp
         FileOpenDialog.cpp
         ExpandButton.cpp
         EntHTML.cpp
         EditablePanel.cpp
         Divider.cpp
         Generando código...
         Compilando...
         DirectorySelectDialog.cpp
         controls.cpp
         ControllerMap.cpp
         consoledialog.cpp
         ComboBox.cpp
         CircularProgressBar.cpp
         CheckButtonList.cpp
         CheckButton.cpp
         Button.cpp
         BuildModeDialog.cpp
         BuildGroup.cpp
         BuildFactoryHelper.cpp
         BitmapImagePanel.cpp
         AnimationController.cpp
         AnimatingImagePanel.cpp
         AnalogBar.cpp
         Generando código...
     1>C:\Program Files (x86)\MSBuild\Microsoft.Cpp\v4.0\Microsoft.CppBuild.targets(1151,5): warning MSB8012: TargetPath(C:\Users\Kolesias123\Google Drive\InfoSmart\Proyectos - Juegos\Apocalypse\src\vgui2\vgui_controls\.\Debug\vgui_controls.lib) no coincide con el valor de la propiedad OutputFile de Library (C:\Users\Kolesias123\Google Drive\InfoSmart\Proyectos - Juegos\Apocalypse\src\lib\public\vgui_controls.lib). Esto puede hacer que el proyecto no se compile correctamente. Para solucionar este problema, asegúrese de que los valores de propiedad $(OutDir), $(TargetName) y $(TargetExt) coinciden con el valor especificado en %(Lib.OutputFile).
       Lib:
         c:\Program Files (x86)\Microsoft Visual Studio 10.0\VC\bin\Lib.exe /OUT:"..\..\lib\public\vgui_controls.lib" /NOLOGO .\Debug\AnalogBar.obj
         .\Debug\AnimatingImagePanel.obj
         .\Debug\AnimationController.obj
         .\Debug\BitmapImagePanel.obj
         .\Debug\BuildFactoryHelper.obj
         .\Debug\BuildGroup.obj
         .\Debug\BuildModeDialog.obj
         .\Debug\Button.obj
         .\Debug\CheckButton.obj
         .\Debug\CheckButtonList.obj
         .\Debug\CircularProgressBar.obj
         .\Debug\ComboBox.obj
         .\Debug\consoledialog.obj
         .\Debug\ControllerMap.obj
         .\Debug\controls.obj
         .\Debug\DirectorySelectDialog.obj
         .\Debug\Divider.obj
         .\Debug\EditablePanel.obj
         .\Debug\EntHTML.obj
         .\Debug\ExpandButton.obj
         .\Debug\FileOpenDialog.obj
         .\Debug\FileOpenStateMachine.obj
         .\Debug\filesystem_helpers.obj
         .\Debug\FocusNavGroup.obj
         .\Debug\Frame.obj
         .\Debug\GraphPanel.obj
         .\Debug\HTML.obj
         .\Debug\Image.obj
         .\Debug\ImageList.obj
         .\Debug\ImagePanel.obj
         .\Debug\InputDialog.obj
         .\Debug\KeyBindingHelpDialog.obj
         .\Debug\KeyBoardEditorDialog.obj
         .\Debug\KeyRepeat.obj
         .\Debug\Label.obj
         .\Debug\ListPanel.obj
         .\Debug\ListViewPanel.obj
         .\Debug\Menu.obj
         .\Debug\MenuBar.obj
         .\Debug\MenuButton.obj
         .\Debug\MenuItem.obj
         .\Debug\MessageBox.obj
         .\Debug\MessageDialog.obj
         .\Debug\Panel.obj
         .\Debug\PanelListPanel.obj
         .\Debug\PerforceFileExplorer.obj
         .\Debug\PerforceFileList.obj
         .\Debug\perforcefilelistframe.obj
         .\Debug\ProgressBar.obj
         .\Debug\ProgressBox.obj
         .\Debug\PropertyDialog.obj
         .\Debug\PropertyPage.obj
         .\Debug\PropertySheet.obj
         .\Debug\QueryBox.obj
         .\Debug\RadioButton.obj
         .\Debug\RichText.obj
         .\Debug\RotatingProgressBar.obj
         .\Debug\savedocumentquery.obj
         .\Debug\ScalableImagePanel.obj
         .\Debug\ScrollableEditablePanel.obj
         .\Debug\ScrollBar.obj
         .\Debug\ScrollBarSlider.obj
         .\Debug\SectionedListPanel.obj
         .\Debug\Slider.obj
         .\Debug\Splitter.obj
         .\Debug\subrectimage.obj
         .\Debug\TextEntry.obj
         .\Debug\TextImage.obj
         .\Debug\ToggleButton.obj
         .\Debug\Tooltip.obj
         .\Debug\ToolWindow.obj
         .\Debug\TreeView.obj
         .\Debug\TreeViewListControl.obj
         .\Debug\URLLabel.obj
         .\Debug\WizardPanel.obj
         .\Debug\WizardSubPanel.obj
         vgui_controls-2005.vcxproj -> C:\Users\Kolesias123\Google Drive\InfoSmart\Proyectos - Juegos\Apocalypse\src\vgui2\vgui_controls\.\Debug\vgui_controls.lib
       FinalizeBuildStatus:
         Se eliminará el archivo ".\Debug\vgui_controls.unsuccessfulbuild".
         Aplicando tarea Touch a ".\Debug\vgui_controls.lastbuildstate".
     1>Compilación del proyecto terminada "C:\Users\Kolesias123\Google Drive\InfoSmart\Proyectos - Juegos\Apocalypse\src\vgui2\vgui_controls\vgui_controls-2005.vcxproj" (build destinos).

Compilación correcta.

Tiempo transcurrido 00:00:50.71
