PRT1
405
995
4 0 89 (0 1024 -1024 ) (0 1024 128 ) (0 1103 128 ) (0 1103 -1024 ) 
4 0 88 (0 1024 128 ) (0 1024 144 ) (0 1103 144 ) (0 1103 128 ) 
4 0 84 (0 1024 144 ) (0 1024 320 ) (0 1087 320 ) (0 1087 144 ) 
4 0 83 (0 1087 320 ) (0 1103 320 ) (0 1103 144 ) (0 1087 144 ) 
4 0 76 (0 1103 320 ) (0 1408 320 ) (0 1408 -1024 ) (0 1103 -1024 ) 
4 0 74 (0 1024 320 ) (0 1024 336 ) (0 1217 336 ) (0 1217 320 ) 
4 0 73 (0 1217 336 ) (0 1408 336 ) (0 1408 320 ) (0 1217 320 ) 
4 0 72 (0 1024 336 ) (0 1024 1024 ) (0 1408 1024 ) (0 1408 336 ) 
4 0 60 (0 1024 64 ) (0 1024 -1024 ) (192 1024 -1024 ) (192 1024 64 ) 
4 0 3 (0 1024 192.022995 ) (0 1024 64 ) (192 1024 64 ) (192 1024 192.022995 ) 
4 0 2 (192 1024 1024 ) (0 1024 1024 ) (0 1024 192.022995 ) (192 1024 192.022995 ) 
4 0 1 (1024 1024 -1024 ) (1024 1024 1024 ) (192 1024 1024 ) (192 1024 -1024 ) 
4 1 391 (1024 0 -1024 ) (1024 0 1024 ) (192 0 1024 ) (192 0 -1024 ) 
4 1 71 (192 0 -1024 ) (192 0 48 ) (192 416 48 ) (192 416 -1024 ) 
4 1 70 (192 0 48 ) (192 0 63.989201 ) (192 160 63.989201 ) (192 160 48 ) 
4 1 69 (192 0 63.989201 ) (192 0 192.022995 ) (192 160 192.022995 ) (192 160 63.989201 ) 
4 1 67 (192 0 192.022995 ) (192 0 1024 ) (192 416 1024 ) (192 416 192.022995 ) 
4 1 64 (192 492 -1024 ) (192 444 -1024 ) (192 444 198 ) (192 492 198 ) 
4 1 63 (192 512 306 ) (192 512 -1024 ) (192 492 -1024 ) (192 492 306 ) 
4 1 65 (192 444 -1024 ) (192 416 -1024 ) (192 416 306 ) (192 444 306 ) 
4 1 62 (192 416 1024 ) (192 512 1024 ) (192 512 306 ) (192 416 306 ) 
4 1 61 (192 768 -1024 ) (192 512 -1024 ) (192 512 48 ) (192 768 48 ) 
4 1 60 (192 1024 64 ) (192 1024 -1024 ) (192 768 -1024 ) (192 768 64 ) 
4 1 4 (192 512 1024 ) (192 752 1024 ) (192 752 192.022995 ) (192 512 192.022995 ) 
4 1 3 (192 1024 192.022995 ) (192 1024 64 ) (192 768 64 ) (192 768 192.022995 ) 
4 1 2 (192 752 1024 ) (192 1024 1024 ) (192 1024 192.022995 ) (192 752 192.022995 ) 
4 2 123 (0 960 192.022995 ) (0 768 192.022995 ) (0 768 320 ) (0 960 320 ) 
4 2 120 (0 768 336 ) (0 960 336 ) (0 960 320 ) (0 768 320 ) 
4 2 119 (0 752 336 ) (0 752 1024 ) (0 960 1024 ) (0 960 336 ) 
4 2 111 (0 1024 320 ) (0 1024 192.022995 ) (0 960 192.022995 ) (0 960 320 ) 
4 2 110 (0 1024 336 ) (0 1024 320 ) (0 960 320 ) (0 960 336 ) 
4 2 109 (0 1024 1024 ) (0 1024 336 ) (0 960 336 ) (0 960 1024 ) 
4 2 4 (0 752 1024 ) (0 752 192.022995 ) (192 752 192.022995 ) (192 752 1024 ) 
4 2 3 (0 768 192.022995 ) (0 1024 192.022995 ) (192 1024 192.022995 ) (192 768 192.022995 ) 
4 3 123 (0 960 64 ) (0 768 64 ) (0 768 192.022995 ) (0 960 192.022995 ) 
4 3 113 (0 1024 144 ) (0 1024 64 ) (0 960 64 ) (0 960 144 ) 
4 3 111 (0 1024 192.022995 ) (0 1024 144 ) (0 960 144 ) (0 960 192.022995 ) 
4 3 60 (0 768 64 ) (0 1024 64 ) (192 1024 64 ) (192 768 64 ) 
4 4 119 (0 512 336 ) (0 512 1024 ) (0 752 1024 ) (0 752 336 ) 
4 4 63 (184 512 192.022995 ) (192 512 192.022995 ) (192 512 306 ) (184 512 306 ) 
4 4 66 (0 512 306 ) (0 512 192.022995 ) (184 512 192.022995 ) (184 512 306 ) 
4 4 62 (0 512 1024 ) (0 512 306 ) (192 512 306 ) (192 512 1024 ) 
4 5 53 (174 556.050171 176.022995 ) (174 558.661133 176.022995 ) (174 559 174.624985 ) (174 556 176 ) 
3 5 52 (174 558.661133 176.022995 ) (174 561.338928 176.022995 ) (174 560 170.500046 ) 
3 5 51 (174 561.338928 176.022995 ) (174 580.050171 176.022995 ) (174 559 166.375000 ) 
5 5 50 (174 580.050171 176.022995 ) (174 752 176.022995 ) (174 752 126.732430 ) (174 639.492859 126.732430 ) (174 556 165 ) 
3 5 46 (174 752 126.732430 ) (174 752 75.166656 ) (174 639.492859 126.732430 ) 
4 5 10 (174 752 75.166656 ) (174 752 64 ) (174 738 64 ) (174 738 81.583328 ) 
4 5 11 (174 738 64 ) (174 577.818176 64 ) (174 553 166.374985 ) (174 738 81.583328 ) 
3 5 8 (174 552 170.500046 ) (174 551.200012 173.799988 ) (174 553 174.624985 ) 
3 5 7 (174 550.661072 176.022995 ) (174 556.050171 176.022995 ) (174 551.200012 173.799988 ) 
4 5 6 (174 528 64 ) (174 528 176.022995 ) (174 550.661072 176.022995 ) (174 577.818176 64 ) 
4 6 11 (1 577.817871 64 ) (1 553 166.375153 ) (174 553 166.375153 ) (174 577.817871 64 ) 
4 6 8 (1 552 170.499344 ) (1 551.199707 173.799866 ) (174 551.199707 173.799866 ) (174 552 170.499344 ) 
4 6 7 (1 551.199707 173.799866 ) (1 550.660767 176.022995 ) (174 550.660767 176.022995 ) (174 551.199707 173.799866 ) 
4 6 59 (1 528 64 ) (1 528 176.022995 ) (1 550.661072 176.022995 ) (1 577.818176 64 ) 
4 7 8 (174 551.199890 173.799301 ) (1 551.199890 173.799301 ) (1 553 174.624268 ) (174 553 174.624268 ) 
3 7 59 (1 550.661072 176.022995 ) (1 556.050171 176.022995 ) (1 551.200012 173.799988 ) 
3 8 59 (1 552 170.500046 ) (1 551.200012 173.799988 ) (1 553 174.624985 ) 
4 9 35 (1 752 75.166519 ) (1 738 81.583183 ) (34.004272 738 81.583183 ) (31.799679 752 75.166519 ) 
4 9 16 (34.004272 738 81.583183 ) (69.894691 738 81.583183 ) (61.789719 752 75.166519 ) (31.799679 752 75.166519 ) 
4 9 11 (69.894691 738 81.582809 ) (1 738 81.582809 ) (1 738 64 ) (69.894691 738 64 ) 
4 9 59 (1 752 75.166656 ) (1 752 64 ) (1 738 64 ) (1 738 81.583328 ) 
4 10 46 (146.387512 738 81.583191 ) (174 738 81.583191 ) (174 752 75.166519 ) (148.591248 752 75.166519 ) 
4 10 17 (101.894989 738 81.583183 ) (146.387512 738 81.583191 ) (148.591248 752 75.166519 ) (109.998001 752 75.166519 ) 
4 10 11 (174 738 64 ) (174 738 81.582809 ) (101.894989 738 81.582809 ) (101.894989 738 64 ) 
3 11 50 (174 556 165 ) (174 639.492554 126.732422 ) (121.450546 556 165 ) 
5 11 46 (121.450546 556 165 ) (174 639.492554 126.732422 ) (174 738 81.583191 ) (146.387512 738 81.583191 ) (117.739082 556 165 ) 
3 11 37 (48.505695 572.584717 157.398514 ) (53.729435 556 165 ) (58.952374 556 165 ) 
6 11 35 (1 738 81.583183 ) (1 723.410889 88.269875 ) (48.505695 572.584717 157.398514 ) (58.952374 556 165 ) (62.664021 556 165 ) (34.004272 738 81.583183 ) 
3 11 26 (88.367546 556 165 ) (54.104343 610.356995 140.086227 ) (62.664021 556 165 ) 
5 11 22 (92.078934 556 165 ) (63.406254 738 81.583183 ) (34.004272 738 81.583183 ) (54.104343 610.356995 140.086227 ) (88.367546 556 165 ) 
4 11 18 (117.739082 556 165 ) (146.387512 738 81.583191 ) (63.406254 738 81.583183 ) (92.078934 556 165 ) 
3 11 12 (1 723.410889 88.269875 ) (1 556 165 ) (53.729435 556 165 ) 
4 11 59 (1 738 64 ) (1 577.818176 64 ) (1 553 166.374985 ) (1 738 81.583328 ) 
4 12 40 (61.303699 752 176.022995 ) (61.303699 580.050171 176.022995 ) (59.502102 574.330261 173.401367 ) (59.502102 752 173.401367 ) 
4 12 39 (58.401421 570.835693 171.799698 ) (57.301239 567.342712 170.198761 ) (57.301239 752 170.198746 ) (58.401421 752 171.799698 ) 
5 12 37 (57.301239 567.342712 170.198761 ) (53.728542 556 165 ) (48.503941 572.587402 157.397232 ) (48.503944 752 157.397232 ) (57.301239 752 170.198746 ) 
4 12 35 (48.503941 572.587402 157.397232 ) (1 723.407959 88.271149 ) (1 752 88.271149 ) (48.503944 752 157.397232 ) 
4 12 13 (54.673737 559 166.374054 ) (61.304562 580.052002 176.022995 ) (1 580.052002 176.022995 ) (1 559 166.374054 ) 
5 12 59 (1 580.050171 176.022995 ) (1 752 176.022995 ) (1 752 88.269867 ) (1 723.411194 88.269867 ) (1 556 165 ) 
4 13 40 (61.303699 580.050171 176.022995 ) (61.303699 561.338928 176.022995 ) (59.502098 560.703369 173.401367 ) (59.502098 574.330261 173.401367 ) 
4 13 39 (58.401417 560.315125 171.799698 ) (57.301235 559.927002 170.198761 ) (57.301235 567.342712 170.198761 ) (58.401417 570.835693 171.799698 ) 
3 13 38 (57.301235 559.927002 170.198761 ) (54.673534 559 166.375015 ) (57.301235 567.342712 170.198761 ) 
4 13 14 (57.509033 560 170.499863 ) (61.304565 561.338989 176.022995 ) (1 561.338989 176.022995 ) (1 560 170.499863 ) 
3 13 59 (1 561.338928 176.022995 ) (1 580.050171 176.022995 ) (1 559 166.375000 ) 
4 14 40 (61.303699 561.338928 176.022995 ) (61.303699 558.661133 176.022995 ) (59.502094 559.296692 173.401367 ) (59.502094 560.703369 173.401367 ) 
4 14 15 (60.342785 559 174.624725 ) (61.303684 558.661621 176.022995 ) (1 558.661621 176.022995 ) (1 559 174.624725 ) 
3 14 59 (1 558.661133 176.022995 ) (1 561.338928 176.022995 ) (1 560 170.500046 ) 
4 15 41 (61.303699 558.661133 176.022995 ) (61.303699 556.050171 176.022995 ) (61.287895 556 176 ) (60.342979 559 174.625000 ) 
4 15 59 (1 556.050171 176.022995 ) (1 558.661133 176.022995 ) (1 559 174.624985 ) (1 556 176 ) 
4 16 43 (65 738 171.798950 ) (65.221664 738 172.444031 ) (65.221664 746.071838 172.444031 ) (65 746.454651 171.798950 ) 
4 16 42 (65.221664 738 172.444031 ) (66.451302 738 176.022995 ) (66.451302 743.947876 176.022995 ) (65.221664 746.071838 172.444031 ) 
5 16 35 (31.799837 752 75.166840 ) (34.004433 738 81.583504 ) (63.901283 738 168.600937 ) (63.901283 748.352600 168.600937 ) (61.789703 752 162.455002 ) 
4 16 26 (66.450409 738 176.022995 ) (54.103218 738 140.085403 ) (69.894699 738 151.567810 ) (69.894699 738 176.022995 ) 
5 16 22 (54.103218 738 140.085403 ) (34.003471 738 81.583321 ) (63.406303 738 81.583321 ) (69.894699 738 100.459854 ) (69.894699 738 151.567810 ) 
3 16 18 (63.406303 738 81.583321 ) (69.894699 738 81.583321 ) (69.894699 738 100.459854 ) 
4 17 57 (115.403252 752 171.801361 ) (115.181854 752 172.446014 ) (115.181854 738 172.446014 ) (115.403252 738 171.801361 ) 
4 17 48 (115.181854 752 172.446014 ) (113.953384 752 176.022995 ) (113.953384 738 176.022995 ) (115.181854 738 172.446014 ) 
4 17 46 (146.387955 738 81.582047 ) (148.591675 752 75.165382 ) (116.501335 752 168.604034 ) (116.501335 738 168.604034 ) 
4 17 18 (101.894989 738 81.583321 ) (146.387482 738 81.583328 ) (113.953354 738 176.022995 ) (101.895004 738 176.022995 ) 
4 18 57 (115.403252 738 171.801361 ) (115.181854 738 172.446014 ) (115.181854 572.245850 172.446014 ) (115.403252 570.839355 171.801361 ) 
4 18 48 (115.181854 738 172.446014 ) (113.953384 738 176.022995 ) (113.953384 580.050171 176.022995 ) (115.181854 572.245850 172.446014 ) 
4 18 46 (117.739311 555.998596 165 ) (146.387955 738 81.582047 ) (116.501335 738 168.604034 ) (116.501335 563.863342 168.604034 ) 
4 18 34 (94.636955 738 172.442383 ) (94.416374 738 171.800644 ) (94.416374 570.837769 171.800644 ) (94.636955 572.237915 172.442383 ) 
4 18 24 (95.867714 738 176.022995 ) (94.636955 738 172.442383 ) (94.636955 572.237915 172.442383 ) (95.867714 580.050171 176.022995 ) 
4 18 22 (93.315414 738 168.597641 ) (63.406143 738 81.583313 ) (92.078804 556 165 ) (93.315414 563.849426 168.597656 ) 
4 18 19 (95.868027 580.051941 176.022995 ) (92.551430 559 166.374100 ) (117.267151 559 166.374100 ) (113.953354 580.051941 176.022995 ) 
4 19 57 (115.403252 570.839355 171.801361 ) (115.181854 572.245850 172.446014 ) (115.181854 560.471802 172.446014 ) (115.403252 560.315552 171.801361 ) 
4 19 48 (115.181854 572.245850 172.446014 ) (113.953384 580.050171 176.022995 ) (113.953384 561.338928 176.022995 ) (115.181854 560.471802 172.446014 ) 
3 19 47 (117.266869 559 166.375000 ) (116.501335 563.863342 168.604034 ) (116.501335 559.540405 168.604034 ) 
4 19 34 (94.636955 572.237915 172.442383 ) (94.416374 570.837769 171.800644 ) (94.416374 560.315308 171.800644 ) (94.636955 560.470886 172.442383 ) 
4 19 24 (95.867714 561.338928 176.022995 ) (95.867714 580.050171 176.022995 ) (94.636955 572.237915 172.442383 ) (94.636955 560.470886 172.442383 ) 
3 19 23 (93.315414 563.849426 168.597656 ) (92.551430 559 166.375000 ) (93.315414 559.538818 168.597656 ) 
4 19 20 (95.867645 561.338989 176.022995 ) (93.969185 560 170.499863 ) (115.850197 560 170.499863 ) (113.953346 561.338989 176.022995 ) 
4 20 48 (115.181854 560.471741 172.446014 ) (113.953384 561.338928 176.022995 ) (113.953384 558.661133 176.022995 ) (115.181854 559.528259 172.446014 ) 
4 20 24 (95.867714 558.661133 176.022995 ) (95.867714 561.338928 176.022995 ) (94.636963 560.470886 172.442383 ) (94.636963 559.529114 172.442383 ) 
4 20 21 (95.868370 558.661621 176.022995 ) (95.387749 559 174.624725 ) (114.433563 559 174.624725 ) (113.953346 558.661621 176.022995 ) 
4 21 49 (114.433510 559 174.624985 ) (113.953384 558.661133 176.022995 ) (113.953384 556.050171 176.022995 ) (113.961281 556 176 ) 
4 21 25 (95.859818 556 176 ) (95.867714 556.050110 176.022995 ) (95.867714 558.661133 176.022995 ) (95.387177 559 174.624985 ) 
3 22 35 (34.004433 738 81.583504 ) (54.104412 610.357605 140.086273 ) (54.104412 738 140.086273 ) 
5 22 26 (91.117889 738 167 ) (54.104015 738 140.085281 ) (54.104015 610.359375 140.085281 ) (88.368622 556 165 ) (91.117882 560.361572 167 ) 
3 22 23 (93.316078 563.854492 168.599167 ) (90.255989 559 166.374100 ) (92.551262 559 166.374100 ) 
3 23 27 (91.117889 560.361572 167 ) (90.259636 559 166.375000 ) (91.117889 559.151306 167 ) 
4 24 34 (93.317490 738 173.400192 ) (94.636635 738 172.440964 ) (94.636635 560.470581 172.440964 ) (93.317474 560.703125 173.400208 ) 
4 24 30 (89.710579 738 176.022995 ) (91.117149 738 175 ) (91.117157 558.909058 175 ) (89.710587 558.661133 176.022995 ) 
4 24 25 (89.711807 558.661682 176.022995 ) (91.634773 559 174.624695 ) (95.387245 559 174.624695 ) (95.867882 558.661682 176.022995 ) 
5 25 31 (89.742210 556 176 ) (89.710587 556.050171 176.022995 ) (89.710587 558.661133 176.022995 ) (91.117157 558.909119 175 ) (91.117165 558.181458 175 ) 
4 26 43 (65 570.834045 171.798950 ) (65.221664 572.241516 172.444031 ) (65.221664 738 172.444031 ) (65 738 171.798950 ) 
4 26 42 (65.221664 572.241516 172.444031 ) (66.451302 580.050171 176.022995 ) (66.451302 738 176.022995 ) (65.221664 738 172.444031 ) 
5 26 35 (54.104412 610.357605 140.086273 ) (62.664124 556 165 ) (63.901283 563.856628 168.600937 ) (63.901283 738 168.600937 ) (54.104412 738 140.086273 ) 
4 26 32 (88.922104 738 168.596100 ) (85.616417 738 171 ) (85.616409 569.088745 171 ) (88.922112 563.846008 168.596100 ) 
4 26 30 (85.616417 738 171 ) (78.704956 738 176.022995 ) (78.704948 580.050171 176.022995 ) (85.616409 569.088745 171 ) 
5 26 27 (90.257477 559 166.374466 ) (91.116760 560.363098 167 ) (78.702858 580.051208 176.022995 ) (66.451256 580.051208 176.022995 ) (63.136280 559 166.374466 ) 
4 27 43 (65.221664 572.241516 172.444031 ) (65 570.834045 171.798950 ) (65 560.314941 171.798950 ) (65.221664 560.471313 172.444031 ) 
4 27 42 (66.451302 561.338928 176.022995 ) (66.451302 580.050171 176.022995 ) (65.221664 572.241516 172.444031 ) (65.221664 560.471313 172.444031 ) 
3 27 36 (63.901283 563.856628 168.600937 ) (63.136505 559 166.374985 ) (63.901283 559.539612 168.600937 ) 
4 27 32 (88.922112 563.846008 168.596100 ) (85.616409 569.088745 171 ) (85.616409 560.120972 171 ) (88.922112 559.538452 168.596100 ) 
4 27 30 (85.616409 569.088745 171 ) (78.704948 580.050171 176.022995 ) (78.704948 561.338928 176.022995 ) (85.616409 560.120972 171 ) 
4 27 28 (86.302902 560 170.499893 ) (78.704788 561.338989 176.022995 ) (66.451248 561.338989 176.022995 ) (64.553650 560 170.499863 ) 
4 28 45 (65.687538 560.799988 173.800003 ) (65.221664 560.471252 172.444031 ) (65.221664 559.528748 172.444031 ) (65.970985 559 174.624985 ) 
4 28 44 (66.451302 558.661133 176.022995 ) (66.451302 561.338928 176.022995 ) (65.687538 560.799988 173.800003 ) (65.970985 559 174.624985 ) 
4 28 30 (85.616417 560.120972 171 ) (78.704948 561.338928 176.022995 ) (78.704948 558.661133 176.022995 ) (85.616409 559.879028 171 ) 
4 28 29 (80.627205 559 174.624725 ) (78.703606 558.661621 176.022995 ) (66.451256 558.661621 176.022995 ) (65.970848 559 174.624725 ) 
4 29 44 (66.443398 556 176 ) (66.451302 556.050171 176.022995 ) (66.451302 558.661133 176.022995 ) (65.970985 559 174.624985 ) 
4 29 31 (80.628181 559 174.624985 ) (78.704948 558.661133 176.022995 ) (78.704948 556.050171 176.022995 ) (78.736580 556 176 ) 
4 30 33 (87.600456 738 172.440506 ) (88.923325 738 173.402740 ) (88.923325 560.703674 173.402740 ) (87.600456 560.470398 172.440506 ) 
4 30 32 (85.615875 560.120483 170.996948 ) (85.615875 738 170.996948 ) (87.600456 738 172.440506 ) (87.600456 560.470398 172.440506 ) 
5 30 31 (78.705635 558.661316 176.022995 ) (80.629021 559 174.624878 ) (90.601357 559 174.624863 ) (91.118385 558.909119 175 ) (89.712852 558.661316 176.022995 ) 
4 32 33 (87.820786 738 171.799149 ) (87.600311 738 172.440445 ) (87.600311 560.470398 172.440445 ) (87.820786 560.314941 171.799149 ) 
5 35 37 (61.700470 752 167 ) (48.506680 752 157.399948 ) (48.506680 572.581909 157.399948 ) (58.951496 556 165 ) (61.700459 560.364197 167 ) 
3 35 36 (63.900974 563.856750 168.600174 ) (60.841602 559 166.374054 ) (63.136139 559 166.374054 ) 
3 35 59 (1 752 88.269867 ) (1 752 75.166656 ) (1 723.411194 88.269867 ) 
3 36 38 (61.700462 560.364197 167 ) (60.841171 559 166.375000 ) (61.700462 559.151550 167 ) 
4 37 39 (59.499866 752 168.603180 ) (57.303177 752 170.200302 ) (57.303177 567.346130 170.200302 ) (59.499866 563.861511 168.603180 ) 
4 37 38 (60.840664 559 166.374100 ) (61.700592 560.364990 167 ) (57.301662 567.343079 170.198105 ) (54.673779 559 166.374100 ) 
4 38 39 (59.499866 563.861511 168.603180 ) (57.303177 567.346130 170.200302 ) (57.303177 559.927368 170.200302 ) (59.499866 559.540161 168.603180 ) 
4 40 44 (61.702827 561.090881 175 ) (63.110569 561.338928 176.022995 ) (63.110569 558.661133 176.022995 ) (61.702824 558.909180 175 ) 
5 40 42 (61.702820 752 175 ) (61.790382 752 175.063416 ) (63.110565 749.719604 176.022995 ) (63.110569 561.338928 176.022995 ) (61.702824 561.090881 175 ) 
4 40 41 (61.185081 559 174.624756 ) (63.108780 558.661560 176.022995 ) (61.304565 558.661560 176.022995 ) (60.343685 559 174.624756 ) 
5 41 44 (61.702824 558.909180 175 ) (63.110569 558.661133 176.022995 ) (63.110569 556.050171 176.022995 ) (63.078930 556 176 ) (61.702820 558.182312 175 ) 
3 42 45 (63.354721 560.799988 173.800003 ) (65.221619 560.471313 172.444061 ) (65.687485 560.800049 173.800003 ) 
5 42 44 (63.108788 561.338928 176.022995 ) (61.701927 561.091003 175 ) (63.354721 560.799988 173.800003 ) (65.687485 560.800049 173.800003 ) (66.451248 561.338928 176.022995 ) 
4 42 43 (65.220978 560.472961 172.442169 ) (63.897644 560.705933 173.403305 ) (63.897648 748.358887 173.403305 ) (65.220978 746.073059 172.442169 ) 
4 44 45 (62.218590 559 174.625168 ) (63.354416 560.799866 173.800217 ) (65.687569 560.799866 173.800217 ) (65.971001 559 174.625168 ) 
5 46 50 (118.705284 560.365662 167 ) (121.452858 556 165 ) (174 639.489258 126.734276 ) (174 752 126.734276 ) (118.705284 752 167 ) 
3 46 47 (119.562416 559 166.374054 ) (116.501518 563.863037 168.603058 ) (117.267044 559 166.374054 ) 
3 47 51 (118.705284 559.151733 167 ) (119.564796 559 166.375015 ) (118.705284 560.365662 167 ) 
4 48 57 (115.182167 560.471497 172.444992 ) (115.182167 752 172.444992 ) (116.504158 752 173.404678 ) (116.504158 560.704163 173.404678 ) 
4 48 54 (118.701363 752 175 ) (120.110909 752 176.022995 ) (120.110909 558.661133 176.022995 ) (118.701363 558.909180 175 ) 
4 48 49 (113.953354 558.661133 176.022995 ) (114.433479 559 174.624985 ) (118.183540 559 174.624985 ) (120.109314 558.661133 176.022995 ) 
5 49 55 (118.701370 558.909180 175 ) (120.110909 558.661133 176.022995 ) (120.110909 556.050171 176.022995 ) (120.079231 556 176 ) (118.701363 558.182434 175 ) 
4 50 56 (120.900337 563.848145 168.597061 ) (124.204269 569.088684 170.998978 ) (124.204269 752 170.998978 ) (120.900337 752 168.597061 ) 
4 50 54 (124.204269 569.088684 170.998978 ) (131.115051 580.050171 176.022995 ) (131.115051 752 176.022995 ) (124.204269 752 170.998978 ) 
5 50 51 (174 580.051758 176.022995 ) (131.113205 580.051758 176.022995 ) (118.703171 560.367676 167.001114 ) (119.564110 559 166.374161 ) (174 559 166.374161 ) 
4 51 56 (120.900337 559.538696 168.597061 ) (124.204269 560.120972 170.998978 ) (124.204269 569.088684 170.998978 ) (120.900337 563.848145 168.597061 ) 
4 51 54 (124.204269 560.120972 170.998978 ) (131.115051 561.338928 176.022995 ) (131.115051 580.050171 176.022995 ) (124.204269 569.088684 170.998978 ) 
4 51 52 (174 560 170.499863 ) (174 561.338989 176.022995 ) (131.115143 561.338989 176.022995 ) (123.517921 560 170.499939 ) 
4 52 54 (131.115051 558.661133 176.022995 ) (131.115051 561.338928 176.022995 ) (124.204277 560.120972 170.998962 ) (124.204277 559.879028 170.998962 ) 
4 52 53 (174 559 174.624725 ) (174 558.661621 176.022995 ) (131.116516 558.661621 176.022995 ) (129.193130 559 174.624725 ) 
4 53 55 (131.083420 556 176 ) (131.115051 556.050171 176.022995 ) (131.115051 558.661133 176.022995 ) (129.192032 559 174.624985 ) 
4 54 58 (120.896614 752 173.406036 ) (122.221184 752 172.443039 ) (122.221184 560.471069 172.443039 ) (120.896614 560.704529 173.406036 ) 
4 54 56 (122.221184 752 172.443039 ) (124.206520 752 171 ) (124.206520 560.121155 171 ) (122.221184 560.471008 172.443039 ) 
5 54 55 (118.700569 558.909607 175 ) (119.217384 559 174.624680 ) (129.186630 559 174.624664 ) (131.110107 558.661743 176.022995 ) (120.109192 558.661743 176.022995 ) 
4 56 58 (122 560.315125 171.799835 ) (122.220329 560.470581 172.441025 ) (122.220329 752 172.441025 ) (122 752 171.799835 ) 
4 59 124 (0 714 64 ) (0 566 64 ) (0 566 170 ) (0 714 170 ) 
4 60 128 (0 960 47.818802 ) (0 960 -1024 ) (0 768 -1024 ) (0 768 47.818802 ) 
4 60 126 (0 768 64 ) (0 960 64 ) (0 960 47.818802 ) (0 768 47.818802 ) 
4 60 113 (0 960 64 ) (0 1024 64 ) (0 1024 -1024 ) (0 960 -1024 ) 
4 60 61 (0 768 -1024 ) (192 768 -1024 ) (192 768 48 ) (0 768 48 ) 
4 61 128 (0 512 -1024 ) (0 512 48 ) (0 768 48 ) (0 768 -1024 ) 
4 61 63 (184 512 -1024 ) (192 512 -1024 ) (192 512 48 ) (184 512 48 ) 
4 61 66 (0 512 48 ) (0 512 -1024 ) (184 512 -1024 ) (184 512 48 ) 
4 62 125 (0 416 306 ) (0 416 320 ) (0 512 320 ) (0 512 306 ) 
4 62 121 (0 416 320 ) (0 416 336 ) (0 512 336 ) (0 512 320 ) 
4 62 119 (0 416 336 ) (0 416 1024 ) (0 512 1024 ) (0 512 336 ) 
4 62 67 (192 416 306 ) (192 416 1024 ) (0 416 1024 ) (0 416 306 ) 
4 62 63 (184 492 306 ) (184 512 306 ) (192 512 306 ) (192 492 306 ) 
4 62 65 (192 416 306 ) (184 416 306 ) (184 444 306 ) (192 444 306 ) 
4 62 66 (184 416 306 ) (0 416 306 ) (0 512 306 ) (184 512 306 ) 
4 63 64 (184 492 198 ) (184 492 -1024 ) (192 492 -1024 ) (192 492 198 ) 
4 63 66 (184 512 -1024 ) (184 492 -1024 ) (184 492 306 ) (184 512 306 ) 
4 64 66 (184 492 -1024 ) (184 444 -1024 ) (184 444 198 ) (184 492 198 ) 
4 64 65 (184 444 198 ) (184 444 -1024 ) (192 444 -1024 ) (192 444 198 ) 
4 65 71 (192 416 -1024 ) (192 416 48 ) (184 416 48 ) (184 416 -1024 ) 
4 65 67 (192 416 192.022995 ) (192 416 306 ) (184 416 306 ) (184 416 192.022995 ) 
4 65 66 (184 444 -1024 ) (184 416 -1024 ) (184 416 306 ) (184 444 306 ) 
4 66 128 (0 416 -1024 ) (0 416 47.818802 ) (0 512 47.818802 ) (0 512 -1024 ) 
4 66 127 (0 416 47.818802 ) (0 416 64 ) (0 512 64 ) (0 512 47.818802 ) 
4 66 125 (0 416 64 ) (0 416 306 ) (0 512 306 ) (0 512 64 ) 
4 66 71 (0 416 48 ) (0 416 -1024 ) (184 416 -1024 ) (184 416 48 ) 
4 66 67 (184 416 306 ) (0 416 306 ) (0 416 192.022995 ) (184 416 192.022995 ) 
4 67 391 (192 0 192.022995 ) (192 0 1024 ) (0 0 1024 ) (0 0 192.022995 ) 
4 67 364 (0 0 192.022995 ) (0 0 336 ) (0 8 336 ) (0 8 192.022995 ) 
4 67 363 (0 0 336 ) (0 0 1024 ) (0 8 1024 ) (0 8 336 ) 
4 67 130 (0 160 192.022995 ) (0 8 192.022995 ) (0 8 320 ) (0 160 320 ) 
4 67 122 (0 160 320 ) (0 8 320 ) (0 8 336 ) (0 160 336 ) 
4 67 119 (0 8 1024 ) (0 416 1024 ) (0 416 336 ) (0 8 336 ) 
4 67 69 (192 160 192.022995 ) (192 0 192.022995 ) (0 0 192.022995 ) (0 160 192.022995 ) 
4 68 129 (0 362 63.989201 ) (0 214 63.989201 ) (0 214 170 ) (0 362 170 ) 
4 69 391 (192 0 63.989201 ) (192 0 192.022995 ) (0 0 192.022995 ) (0 0 63.989201 ) 
4 69 364 (0 0 63.989201 ) (0 0 192.022995 ) (0 8 192.022995 ) (0 8 63.989201 ) 
4 69 130 (0 8 192.022995 ) (0 160 192.022995 ) (0 160 63.989201 ) (0 8 63.989201 ) 
4 69 70 (0 0 63.989201 ) (0 160 63.989201 ) (192 160 63.989201 ) (192 0 63.989201 ) 
4 70 391 (192 0 48 ) (192 0 63.989201 ) (0 0 63.989201 ) (0 0 48 ) 
4 70 368 (0 0 48 ) (0 0 63.989201 ) (0 8 63.989201 ) (0 8 48 ) 
4 70 131 (0 8 63.989201 ) (0 160 63.989201 ) (0 160 48 ) (0 8 48 ) 
4 70 71 (192 160 48 ) (192 0 48 ) (0 0 48 ) (0 160 48 ) 
4 71 391 (192 0 -1024 ) (192 0 48 ) (0 0 48 ) (0 0 -1024 ) 
4 71 370 (0 0 -1024 ) (0 0 48 ) (0 8 48 ) (0 8 -1024 ) 
4 71 132 (0 8 48 ) (0 416 48 ) (0 416 -1024 ) (0 8 -1024 ) 
4 72 371 (-448 1024 1024 ) (-1024 1024 1024 ) (-1024 1024 336 ) (-448 1024 336 ) 
4 72 115 (-384 1024 1024 ) (-448 1024 1024 ) (-448 1024 336 ) (-384 1024 336 ) 
4 72 109 (0 1024 336 ) (0 1024 1024 ) (-384 1024 1024 ) (-384 1024 336 ) 
4 72 74 (-64 1217 336 ) (0 1217 336 ) (0 1024 336 ) (-64 1024 336 ) 
4 72 75 (-1024 1024 336 ) (-1024 1217 336 ) (-624 1217 336 ) (-624 1024 336 ) 
4 72 73 (-1024 1217 336 ) (-1024 1408 336 ) (0 1408 336 ) (0 1217 336 ) 
4 73 90 (-1024 1217 320 ) (-1024 1408 320 ) (-384 1408 320 ) (-384 1217 320 ) 
4 73 79 (-384 1408 320 ) (-80 1408 320 ) (-80 1217 320 ) (-384 1217 320 ) 
4 73 77 (-80 1408 320 ) (-64 1408 320 ) (-64 1217 320 ) (-80 1217 320 ) 
4 73 76 (-64 1408 320 ) (0 1408 320 ) (0 1217 320 ) (-64 1217 320 ) 
4 73 74 (-64 1217 320 ) (0 1217 320 ) (0 1217 336 ) (-64 1217 336 ) 
4 73 75 (-1024 1217 320 ) (-624 1217 320 ) (-624 1217 336 ) (-1024 1217 336 ) 
4 74 110 (0 1024 320 ) (0 1024 336 ) (-64 1024 336 ) (-64 1024 320 ) 
4 74 84 (0 1024 320 ) (-64 1024 320 ) (-64 1087 320 ) (0 1087 320 ) 
4 74 83 (-64 1087 320 ) (-64 1103 320 ) (0 1103 320 ) (0 1087 320 ) 
4 74 76 (-64 1103 320 ) (-64 1217 320 ) (0 1217 320 ) (0 1103 320 ) 
4 75 373 (-624 1024 336 ) (-1024 1024 336 ) (-1024 1024 320 ) (-624 1024 320 ) 
4 75 107 (-624 1024 320 ) (-1024 1024 320 ) (-1024 1201 320 ) (-624 1201 320 ) 
4 75 93 (-1024 1201 320 ) (-1024 1217 320 ) (-624 1217 320 ) (-624 1201 320 ) 
4 76 89 (-64 1103 -1024 ) (0 1103 -1024 ) (0 1103 128 ) (-64 1103 128 ) 
4 76 88 (0 1103 128 ) (0 1103 144 ) (-64 1103 144 ) (-64 1103 128 ) 
4 76 83 (0 1103 144 ) (0 1103 320 ) (-64 1103 320 ) (-64 1103 144 ) 
4 76 78 (-64 1217 -1024 ) (-64 1103 -1024 ) (-64 1103 143 ) (-64 1217 143 ) 
4 76 77 (-64 1408 320 ) (-64 1408 -1024 ) (-64 1217 -1024 ) (-64 1217 320 ) 
4 77 79 (-80 1408 -1024 ) (-80 1217 -1024 ) (-80 1217 320 ) (-80 1408 320 ) 
4 77 78 (-80 1217 143 ) (-80 1217 -1024 ) (-64 1217 -1024 ) (-64 1217 143 ) 
4 78 89 (-80 1103 -1024 ) (-64 1103 -1024 ) (-64 1103 128 ) (-80 1103 128 ) 
4 78 82 (-80 1201 -1024 ) (-80 1103 -1024 ) (-80 1103 128 ) (-80 1201 128 ) 
4 78 80 (-80 1217 -1024 ) (-80 1201 -1024 ) (-80 1201 128 ) (-80 1217 128 ) 
4 79 90 (-384 1217 320 ) (-384 1408 320 ) (-384 1408 -1024 ) (-384 1217 -1024 ) 
4 79 80 (-384 1217 128 ) (-384 1217 -1024 ) (-80 1217 -1024 ) (-80 1217 128 ) 
4 80 91 (-384 1217 64 ) (-384 1217 48.011299 ) (-384 1201 48.011299 ) (-384 1201 64 ) 
4 80 92 (-384 1217 48.011299 ) (-384 1217 -1024 ) (-384 1201 -1024 ) (-384 1201 48.011299 ) 
4 80 82 (-384 1201 128 ) (-384 1201 -1024 ) (-80 1201 -1024 ) (-80 1201 128 ) 
4 81 94 (-384 1103 320 ) (-384 1201 320 ) (-384 1201 144 ) (-384 1103 144 ) 
4 81 86 (-368 1103 144 ) (-272 1103 144 ) (-272 1103 276 ) (-368 1103 276 ) 
4 82 98 (-384 1201 48.011299 ) (-384 1201 -1024 ) (-384 1103 -1024 ) (-384 1103 48.011299 ) 
4 82 89 (-384 1103 128 ) (-384 1103 -1024 ) (-80 1103 -1024 ) (-80 1103 128 ) 
4 83 88 (-64 1103 144 ) (0 1103 144 ) (0 1087 144 ) (-64 1087 144 ) 
4 83 84 (-64 1087 144 ) (0 1087 144 ) (0 1087 320 ) (-64 1087 320 ) 
4 84 111 (0 1024 144 ) (0 1024 320 ) (-64 1024 320 ) (-64 1024 144 ) 
4 84 88 (0 1087 144 ) (0 1024 144 ) (-64 1024 144 ) (-64 1087 144 ) 
4 85 112 (-80 1024 320 ) (-272 1024 320 ) (-272 1024 144 ) (-80 1024 144 ) 
4 85 87 (-272 1087 144 ) (-272 1024 144 ) (-272 1024 320 ) (-272 1087 320 ) 
4 86 87 (-368 1087 276 ) (-368 1087 144 ) (-272 1087 144 ) (-272 1087 276 ) 
4 87 112 (-272 1024 320 ) (-368 1024 320 ) (-368 1024 144 ) (-272 1024 144 ) 
4 88 113 (0 1024 128 ) (0 1024 144 ) (-64 1024 144 ) (-64 1024 128 ) 
4 88 89 (0 1024 128 ) (-64 1024 128 ) (-64 1103 128 ) (0 1103 128 ) 
4 89 114 (-64 1024 128 ) (-384 1024 128 ) (-384 1024 -1024 ) (-64 1024 -1024 ) 
4 89 113 (0 1024 -1024 ) (0 1024 128 ) (-64 1024 128 ) (-64 1024 -1024 ) 
4 89 105 (-384 1103 48.011299 ) (-384 1103 -1024 ) (-384 1024 -1024 ) (-384 1024 48.011299 ) 
4 90 91 (-384 1217 48.011299 ) (-384 1217 64 ) (-496 1217 64 ) (-496 1217 48.011299 ) 
4 90 92 (-624 1217 -1024 ) (-384 1217 -1024 ) (-384 1217 48.011299 ) (-624 1217 48.011299 ) 
4 90 93 (-1024 1217 -1024 ) (-624 1217 -1024 ) (-624 1217 320 ) (-1024 1217 320 ) 
4 91 92 (-384 1201 48.011299 ) (-496 1201 48.011299 ) (-496 1217 48.011299 ) (-384 1217 48.011299 ) 
4 92 108 (-496 1201 48.011299 ) (-624 1201 48.011299 ) (-624 1201 -1024 ) (-496 1201 -1024 ) 
4 92 102 (-448 1201 48.011299 ) (-496 1201 48.011299 ) (-496 1201 -1024 ) (-448 1201 -1024 ) 
4 92 98 (-384 1201 -1024 ) (-384 1201 48.011299 ) (-448 1201 48.011299 ) (-448 1201 -1024 ) 
4 92 93 (-624 1217 48.011299 ) (-624 1217 -1024 ) (-624 1201 -1024 ) (-624 1201 48.011299 ) 
4 93 108 (-1024 1201 48.011299 ) (-1024 1201 -1024 ) (-624 1201 -1024 ) (-624 1201 48.011299 ) 
4 93 107 (-624 1201 320 ) (-1024 1201 320 ) (-1024 1201 48.011299 ) (-624 1201 48.011299 ) 
4 94 103 (-384 1103 144 ) (-384 1103 320 ) (-448 1103 320 ) (-448 1103 144 ) 
4 94 99 (-448 1201 320 ) (-448 1201 144 ) (-448 1103 144 ) (-448 1103 320 ) 
4 94 97 (-432 1103 144 ) (-448 1103 144 ) (-448 1201 144 ) (-432 1201 144 ) 
4 94 96 (-416 1103 144 ) (-432 1103 144 ) (-432 1201 144 ) (-416 1201 144 ) 
4 94 95 (-400 1103 144 ) (-416 1103 144 ) (-416 1201 144 ) (-400 1201 144 ) 
4 95 103 (-400 1103 144 ) (-416 1103 144 ) (-416 1103 136 ) (-400 1103 136 ) 
4 95 96 (-416 1103 136 ) (-416 1103 144 ) (-416 1201 144 ) (-416 1201 136 ) 
4 96 104 (-432 1103 128 ) (-432 1103 120 ) (-416 1103 120 ) (-416 1103 128 ) 
4 96 103 (-416 1103 144 ) (-432 1103 144 ) (-432 1103 128 ) (-416 1103 128 ) 
4 96 97 (-432 1103 120 ) (-432 1103 144 ) (-432 1201 144 ) (-432 1201 120 ) 
4 97 104 (-448 1103 128 ) (-448 1103 112 ) (-432 1103 112 ) (-432 1103 128 ) 
4 97 103 (-432 1103 144 ) (-448 1103 144 ) (-448 1103 128 ) (-432 1103 128 ) 
4 97 99 (-448 1201 144 ) (-448 1201 112 ) (-448 1103 112 ) (-448 1103 144 ) 
4 98 105 (-448 1103 -1024 ) (-384 1103 -1024 ) (-384 1103 48.011299 ) (-448 1103 48.011299 ) 
4 98 102 (-448 1201 48.011299 ) (-448 1201 -1024 ) (-448 1103 -1024 ) (-448 1103 48.011299 ) 
4 99 106 (-496 1201 320 ) (-496 1201 96 ) (-496 1103 96 ) (-496 1103 320 ) 
4 99 104 (-496 1103 128 ) (-496 1103 96 ) (-448 1103 96 ) (-448 1103 128 ) 
4 99 103 (-496 1103 320 ) (-496 1103 128 ) (-448 1103 128 ) (-448 1103 320 ) 
4 99 101 (-480 1103 96 ) (-496 1103 96 ) (-496 1201 96 ) (-480 1201 96 ) 
4 99 100 (-464 1103 96 ) (-480 1103 96 ) (-480 1201 96 ) (-464 1201 96 ) 
4 100 104 (-464 1103 88 ) (-464 1103 96 ) (-480 1103 96 ) (-480 1103 88 ) 
4 100 101 (-480 1103 88 ) (-480 1103 96 ) (-480 1201 96 ) (-480 1201 88 ) 
4 101 106 (-496 1201 96 ) (-496 1201 72 ) (-496 1103 72 ) (-496 1103 96 ) 
4 101 104 (-496 1103 96 ) (-496 1103 72 ) (-480 1103 72 ) (-480 1103 96 ) 
4 102 108 (-496 1201 48.011299 ) (-496 1201 -1024 ) (-496 1103 -1024 ) (-496 1103 48.011299 ) 
4 102 105 (-496 1103 48.011299 ) (-496 1103 -1024 ) (-448 1103 -1024 ) (-448 1103 48.011299 ) 
4 103 376 (-496 1024 176 ) (-496 1024 128 ) (-456 1024 128 ) (-456 1024 176 ) 
4 103 375 (-456 1024 128 ) (-448 1024 128 ) (-448 1024 176 ) (-456 1024 176 ) 
4 103 374 (-448 1024 320 ) (-496 1024 320 ) (-496 1024 176 ) (-448 1024 176 ) 
4 103 116 (-384 1024 128 ) (-384 1024 320 ) (-448 1024 320 ) (-448 1024 128 ) 
4 103 106 (-496 1024 128 ) (-496 1024 320 ) (-496 1103 320 ) (-496 1103 128 ) 
4 103 104 (-496 1024 128 ) (-496 1103 128 ) (-392 1103 128 ) (-392 1024 128 ) 
4 104 376 (-456 1024 128 ) (-496 1024 128 ) (-496 1024 64.011299 ) (-456 1024 64.011299 ) 
4 104 375 (-448 1024 128 ) (-456 1024 128 ) (-456 1024 64.011299 ) (-448 1024 64.011299 ) 
4 104 117 (-392 1024 128 ) (-448 1024 128 ) (-448 1024 64.011299 ) (-392 1024 64.011299 ) 
4 104 106 (-496 1024 64.011299 ) (-496 1024 128 ) (-496 1103 128 ) (-496 1103 64.011299 ) 
4 105 379 (-448 1024 48.011299 ) (-496 1024 48.011299 ) (-496 1024 -1024 ) (-448 1024 -1024 ) 
4 105 118 (-384 1024 -1024 ) (-384 1024 48.011299 ) (-448 1024 48.011299 ) (-448 1024 -1024 ) 
4 105 108 (-496 1024 -1024 ) (-496 1024 48.011299 ) (-496 1103 48.011299 ) (-496 1103 -1024 ) 
4 106 377 (-496 1024 64.011299 ) (-496 1024 320 ) (-608 1024 320 ) (-608 1024 64.011299 ) 
4 107 378 (-624 1024 320 ) (-1024 1024 320 ) (-1024 1024 48.011299 ) (-624 1024 48.011299 ) 
4 107 108 (-1024 1201 48.011299 ) (-624 1201 48.011299 ) (-624 1024 48.011299 ) (-1024 1024 48.011299 ) 
4 108 379 (-496 1024 -1024 ) (-496 1024 48.011299 ) (-1024 1024 48.011299 ) (-1024 1024 -1024 ) 
4 109 119 (0 960 336 ) (0 960 1024 ) (-384 960 1024 ) (-384 960 336 ) 
4 109 115 (-384 960 336 ) (-384 960 1024 ) (-384 1024 1024 ) (-384 1024 336 ) 
4 109 110 (0 960 336 ) (-64 960 336 ) (-64 1024 336 ) (0 1024 336 ) 
4 110 133 (-16 960 336 ) (-64 960 336 ) (-64 960 320 ) (-16 960 320 ) 
4 110 120 (0 960 320 ) (0 960 336 ) (-16 960 336 ) (-16 960 320 ) 
4 110 111 (0 960 320 ) (-64 960 320 ) (-64 1024 320 ) (0 1024 320 ) 
4 111 134 (-16 960 320 ) (-64 960 320 ) (-64 960 144 ) (-16 960 144 ) 
4 111 123 (0 960 144 ) (0 960 320 ) (-16 960 320 ) (-16 960 144 ) 
4 111 113 (0 960 144 ) (-64 960 144 ) (-64 1024 144 ) (0 1024 144 ) 
4 112 137 (-360 960 152 ) (-88 960 152 ) (-88 960 264 ) (-360 960 264 ) 
4 113 362 (-64 960 47.818802 ) (-64 960 -1024 ) (-16 960 -1024 ) (-16 960 47.818802 ) 
4 113 135 (-64 960 64 ) (-64 960 47.818802 ) (-16 960 47.818802 ) (-16 960 64 ) 
4 113 134 (-16 960 144 ) (-64 960 144 ) (-64 960 64 ) (-16 960 64 ) 
4 113 128 (0 960 -1024 ) (0 960 47.818802 ) (-16 960 47.818802 ) (-16 960 -1024 ) 
4 113 126 (0 960 47.818802 ) (0 960 64 ) (-16 960 64 ) (-16 960 47.818802 ) 
4 113 123 (0 960 64 ) (0 960 144 ) (-16 960 144 ) (-16 960 64 ) 
4 113 114 (-64 1024 -1024 ) (-64 960 -1024 ) (-64 960 128 ) (-64 1024 128 ) 
4 114 362 (-384 960 47.818802 ) (-384 960 -1024 ) (-64 960 -1024 ) (-64 960 47.818802 ) 
4 114 118 (-384 960 -1024 ) (-384 960 48.011299 ) (-384 1024 48.011299 ) (-384 1024 -1024 ) 
4 115 371 (-448 960 336 ) (-448 960 1024 ) (-448 1024 1024 ) (-448 1024 336 ) 
4 115 119 (-448 960 1024 ) (-448 960 336 ) (-384 960 336 ) (-384 960 1024 ) 
4 116 375 (-448 960 128 ) (-448 960 176 ) (-448 1024 176 ) (-448 1024 128 ) 
4 116 374 (-448 960 176 ) (-448 960 320 ) (-448 1024 320 ) (-448 1024 176 ) 
4 116 145 (-448 960 192 ) (-448 960 128 ) (-392 960 128 ) (-392 960 192 ) 
4 116 144 (-448 960 320 ) (-448 960 192 ) (-392 960 192 ) (-392 960 320 ) 
4 116 143 (-392 960 128 ) (-384 960 128 ) (-384 960 320 ) (-392 960 320 ) 
4 116 117 (-392 960 128 ) (-448 960 128 ) (-448 1024 128 ) (-392 1024 128 ) 
4 117 375 (-448 960 64.011299 ) (-448 960 128 ) (-448 1024 128 ) (-448 1024 64.011299 ) 
4 117 145 (-448 960 128 ) (-448 960 64.011299 ) (-392 960 64.011299 ) (-392 960 128 ) 
4 118 379 (-448 960 -1024 ) (-448 960 48.011299 ) (-448 1024 48.011299 ) (-448 1024 -1024 ) 
4 118 362 (-448 960 48.011299 ) (-448 960 -1024 ) (-384 960 -1024 ) (-384 960 48.011299 ) 
4 119 371 (-448 8 336 ) (-448 8 1024 ) (-448 960 1024 ) (-448 960 336 ) 
4 119 363 (-448 8 1024 ) (-448 8 336 ) (0 8 336 ) (0 8 1024 ) 
4 119 354 (-448 416 336 ) (-448 624 336 ) (-432 624 336 ) (-432 416 336 ) 
4 119 355 (-432 8 336 ) (-448 8 336 ) (-448 160 336 ) (-432 160 336 ) 
4 119 305 (-384 8 336 ) (-432 8 336 ) (-432 160 336 ) (-384 160 336 ) 
4 119 299 (-16 8 336 ) (-64 8 336 ) (-64 160 336 ) (-16 160 336 ) 
4 119 151 (-432 416 336 ) (-432 624 336 ) (-384 624 336 ) (-384 416 336 ) 
4 119 149 (-64 864 336 ) (-16 864 336 ) (-16 768 336 ) (-64 768 336 ) 
4 119 150 (-16 512 336 ) (-16 416 336 ) (-64 416 336 ) (-64 512 336 ) 
4 119 142 (-448 880 336 ) (-448 928 336 ) (-384 928 336 ) (-384 880 336 ) 
4 119 133 (-64 960 336 ) (-16 960 336 ) (-16 864 336 ) (-64 864 336 ) 
4 119 122 (0 8 336 ) (-16 8 336 ) (-16 160 336 ) (0 160 336 ) 
4 119 120 (-16 768 336 ) (-16 960 336 ) (0 960 336 ) (0 768 336 ) 
4 119 121 (-16 416 336 ) (-16 512 336 ) (0 512 336 ) (0 416 336 ) 
4 120 149 (-16 768 336 ) (-16 864 336 ) (-16 864 320 ) (-16 768 320 ) 
4 120 133 (-16 864 336 ) (-16 960 336 ) (-16 960 320 ) (-16 864 320 ) 
4 120 123 (-16 768 320 ) (-16 960 320 ) (0 960 320 ) (0 768 320 ) 
4 121 150 (-16 416 336 ) (-16 512 336 ) (-16 512 320 ) (-16 416 320 ) 
4 121 125 (-16 416 320 ) (-16 512 320 ) (0 512 320 ) (0 416 320 ) 
4 122 364 (0 8 320 ) (0 8 336 ) (-16 8 336 ) (-16 8 320 ) 
4 122 299 (-16 8 320 ) (-16 8 336 ) (-16 160 336 ) (-16 160 320 ) 
4 122 130 (0 8 320 ) (-16 8 320 ) (-16 160 320 ) (0 160 320 ) 
4 123 152 (-16 768 320 ) (-16 864 320 ) (-16 864 64 ) (-16 768 64 ) 
4 123 134 (-16 864 320 ) (-16 960 320 ) (-16 960 64 ) (-16 864 64 ) 
4 123 126 (-16 768 64 ) (-16 960 64 ) (0 960 64 ) (0 768 64 ) 
4 124 164 (-16 594 64 ) (-16 566 64 ) (-16 566 170 ) (-16 594 170 ) 
4 124 163 (-16 610 64 ) (-16 594 64 ) (-16 594 170 ) (-16 610 170 ) 
4 124 162 (-16 714 170 ) (-16 714 64 ) (-16 610 64 ) (-16 610 170 ) 
4 125 165 (-16 416 320 ) (-16 512 320 ) (-16 512 64 ) (-16 416 64 ) 
4 125 127 (0 416 64 ) (-16 416 64 ) (-16 512 64 ) (0 512 64 ) 
4 126 262 (-16 864 47.818802 ) (-16 768 47.818802 ) (-16 768 64 ) (-16 864 64 ) 
4 126 135 (-16 960 64 ) (-16 960 47.818802 ) (-16 864 47.818802 ) (-16 864 64 ) 
4 126 128 (-16 768 47.818802 ) (-16 960 47.818802 ) (0 960 47.818802 ) (0 768 47.818802 ) 
4 127 263 (-16 512 47.818802 ) (-16 416 47.818802 ) (-16 416 64 ) (-16 512 64 ) 
4 127 128 (0 416 47.818802 ) (-16 416 47.818802 ) (-16 512 47.818802 ) (0 512 47.818802 ) 
4 128 362 (-16 960 47.818802 ) (-16 960 -1024 ) (-16 416 -1024 ) (-16 416 47.818802 ) 
4 128 132 (-16 416 47.818802 ) (-16 416 -1024 ) (0 416 -1024 ) (0 416 47.818802 ) 
4 129 345 (-16 362 170 ) (-16 362 63.989201 ) (-16 214 63.989201 ) (-16 214 170 ) 
4 130 364 (0 8 63.989201 ) (0 8 320 ) (-16 8 320 ) (-16 8 63.989201 ) 
4 130 350 (-16 8 63.989201 ) (-16 8 287 ) (-16 160 287 ) (-16 160 63.989201 ) 
4 130 309 (-16 8 287 ) (-16 8 303 ) (-16 160 303 ) (-16 160 287 ) 
4 130 299 (-16 8 303 ) (-16 8 320 ) (-16 160 320 ) (-16 160 303 ) 
4 130 131 (0 8 63.989201 ) (-16 8 63.989201 ) (-16 160 63.989201 ) (0 160 63.989201 ) 
4 131 368 (0 8 47.818802 ) (0 8 63.989201 ) (-16 8 63.989201 ) (-16 8 47.818802 ) 
4 131 350 (-16 8 47.818802 ) (-16 8 63.989201 ) (-16 160 63.989201 ) (-16 160 47.818802 ) 
4 131 132 (0 8 47.818802 ) (-16 8 47.818802 ) (-16 160 47.818802 ) (0 160 47.818802 ) 
4 132 370 (0 8 -1024 ) (0 8 47.818802 ) (-16 8 47.818802 ) (-16 8 -1024 ) 
4 132 362 (-16 8 -1024 ) (-16 8 47.818802 ) (-16 416 47.818802 ) (-16 416 -1024 ) 
4 133 149 (-16 864 320 ) (-16 864 336 ) (-64 864 336 ) (-64 864 320 ) 
4 133 134 (-16 864 320 ) (-64 864 320 ) (-64 960 320 ) (-16 960 320 ) 
4 134 152 (-16 864 64 ) (-16 864 320 ) (-64 864 320 ) (-64 864 64 ) 
4 134 135 (-16 864 64 ) (-64 864 64 ) (-64 960 64 ) (-16 960 64 ) 
4 135 362 (-64 960 47.818802 ) (-16 960 47.818802 ) (-16 864 47.818802 ) (-64 864 47.818802 ) 
4 135 262 (-64 864 47.818802 ) (-16 864 47.818802 ) (-16 864 64 ) (-64 864 64 ) 
4 136 362 (-80 960 47.818802 ) (-64 960 47.818802 ) (-64 864 47.818802 ) (-80 864 47.818802 ) 
4 137 139 (-360 944 152 ) (-88 944 152 ) (-88 944 264 ) (-360 944 264 ) 
4 138 362 (-368 960 47.818802 ) (-80 960 47.818802 ) (-80 944 47.818802 ) (-368 944 47.818802 ) 
4 139 248 (-368 864 283 ) (-368 864 64 ) (-86.499992 864 64 ) (-86.499992 864 283 ) 
4 139 239 (-104.071426 864 287 ) (-86.499992 864 287 ) (-86.499992 864 303 ) (-104.071426 864 303 ) 
4 139 234 (-368 864 288 ) (-368 864 287 ) (-104.071426 864 287 ) (-104.071426 864 288 ) 
4 139 223 (-368 864 292 ) (-368 864 288 ) (-316 864 288 ) (-316 864 292 ) 
4 139 219 (-302 864 288 ) (-247 864 288 ) (-247 864 292 ) (-302 864 292 ) 
4 139 217 (-233 864 288 ) (-172 864 288 ) (-172 864 292 ) (-233 864 292 ) 
4 139 214 (-158 864 288 ) (-104.071426 864 288 ) (-104.071426 864 292 ) (-158 864 292 ) 
4 139 200 (-368 864 303 ) (-368 864 292 ) (-313 864 292 ) (-313 864 303 ) 
4 139 197 (-305 864 292 ) (-244 864 292 ) (-244 864 303 ) (-305 864 303 ) 
4 139 196 (-236 864 292 ) (-169 864 292 ) (-169 864 303 ) (-236 864 303 ) 
4 139 194 (-161 864 292 ) (-104.071426 864 292 ) (-104.071426 864 303 ) (-161 864 303 ) 
4 139 166 (-86.499992 864 320 ) (-368 864 320 ) (-368 864 307 ) (-86.499992 864 307 ) 
4 140 362 (-80 944 47.818802 ) (-80 864 47.818802 ) (-368 864 47.818802 ) (-368 944 47.818802 ) 
4 141 362 (-384 960 47.818802 ) (-368 960 47.818802 ) (-368 864 47.818802 ) (-384 864 47.818802 ) 
4 142 372 (-448 880 336 ) (-448 928 336 ) (-448 928 320 ) (-448 880 320 ) 
4 142 148 (-384 928 320 ) (-384 880 320 ) (-448 880 320 ) (-448 928 320 ) 
4 143 147 (-384 944 128 ) (-384 944 192 ) (-392 944 192 ) (-392 944 128 ) 
4 143 145 (-392 952 192 ) (-392 960 192 ) (-392 960 128 ) (-392 952 128 ) 
4 143 144 (-392 944 192 ) (-392 944 320 ) (-392 960 320 ) (-392 960 192 ) 
4 144 374 (-448 960 320 ) (-448 960 192 ) (-448 944 192 ) (-448 944 320 ) 
4 144 145 (-448 960 192 ) (-392 960 192 ) (-392 952 192 ) (-448 952 192 ) 
4 145 375 (-448 960 176 ) (-448 960 64.011299 ) (-448 952 64.011299 ) (-448 952 176 ) 
4 145 374 (-448 960 192 ) (-448 960 176 ) (-448 952 176 ) (-448 952 192 ) 
4 146 362 (-448 960 47.818802 ) (-384 960 47.818802 ) (-384 944 47.818802 ) (-448 944 47.818802 ) 
4 147 362 (-384 944 47.818802 ) (-384 928 47.818802 ) (-448 928 47.818802 ) (-448 944 47.818802 ) 
4 147 148 (-448 928 47.818802 ) (-384 928 47.818802 ) (-384 928 192 ) (-448 928 192 ) 
4 148 380 (-448 880 192 ) (-448 880 320 ) (-448 928 320 ) (-448 928 192 ) 
4 148 362 (-384 928 47.818802 ) (-384 880 47.818802 ) (-448 880 47.818802 ) (-448 928 47.818802 ) 
4 149 152 (-64 768 320 ) (-64 864 320 ) (-16 864 320 ) (-16 768 320 ) 
4 150 165 (-16 416 320 ) (-64 416 320 ) (-64 512 320 ) (-16 512 320 ) 
4 151 354 (-432 624 320 ) (-432 416 320 ) (-432 416 336 ) (-432 624 336 ) 
4 151 277 (-384 416 320 ) (-432 416 320 ) (-432 624 320 ) (-384 624 320 ) 
4 152 262 (-64 864 64 ) (-16 864 64 ) (-16 768 64 ) (-64 768 64 ) 
4 153 251 (-80 752 64 ) (-80 748 64 ) (-80 748 287 ) (-80 752 287 ) 
4 153 240 (-80 748 287 ) (-80 748 303 ) (-80 752 303 ) (-80 752 287 ) 
4 153 172 (-80 748 303 ) (-80 748 307 ) (-80 752 307 ) (-80 752 303 ) 
4 153 168 (-80 748 307 ) (-80 748 320 ) (-80 752 320 ) (-80 752 307 ) 
4 153 157 (-80 748 283 ) (-80 748 64 ) (-16 748 64 ) (-16 748 283 ) 
4 153 155 (-80 748 303 ) (-80 748 287 ) (-16 748 287 ) (-16 748 303 ) 
4 153 154 (-80 748 320 ) (-80 748 307 ) (-16 748 307 ) (-16 748 320 ) 
4 154 168 (-80 732 307 ) (-80 732 320 ) (-80 748 320 ) (-80 748 307 ) 
4 154 158 (-80 732 320 ) (-80 732 307 ) (-16 732 307 ) (-16 732 320 ) 
4 155 240 (-80 745 303 ) (-80 748 303 ) (-80 748 287 ) (-80 745 287 ) 
4 156 242 (-80 732 287 ) (-80 732 303 ) (-80 735 303 ) (-80 735 287 ) 
4 156 160 (-80 732 303 ) (-80 732 287 ) (-16 732 287 ) (-16 732 303 ) 
4 157 253 (-80 748 64 ) (-80 732 64 ) (-80 732 283 ) (-80 748 283 ) 
4 157 162 (-80 732 283 ) (-80 732 64 ) (-16 732 64 ) (-16 732 283 ) 
4 158 176 (-80 732 307 ) (-80 732 303 ) (-80 610 303 ) (-80 610 307 ) 
4 158 168 (-80 610 320 ) (-80 732 320 ) (-80 732 307 ) (-80 610 307 ) 
4 158 160 (-80 610 303 ) (-80 732 303 ) (-16 732 303 ) (-16 610 303 ) 
4 158 159 (-80 610 320 ) (-80 610 307 ) (-16 610 307 ) (-16 610 320 ) 
4 159 168 (-80 594 307 ) (-80 594 320 ) (-80 610 320 ) (-80 610 307 ) 
4 159 164 (-80 594 320 ) (-80 594 307 ) (-16 594 307 ) (-16 594 320 ) 
4 160 242 (-80 729.200012 303 ) (-80 732 303 ) (-80 732 287 ) (-80 729.200012 287 ) 
4 160 236 (-80 729.200012 288 ) (-80 729.200012 287 ) (-80 607 287 ) (-80 607 288 ) 
4 160 216 (-80 729.200012 292 ) (-80 729.200012 288 ) (-80 607 288 ) (-80 607 292 ) 
4 160 202 (-80 607 303 ) (-80 729.200012 303 ) (-80 729.200012 292 ) (-80 607 292 ) 
4 160 162 (-80 610 287 ) (-80 732 287 ) (-16 732 287 ) (-16 610 287 ) 
4 161 237 (-80 594 287 ) (-80 594 288 ) (-80 597 288 ) (-80 597 287 ) 
4 161 226 (-80 594 288 ) (-80 594 292 ) (-80 597 292 ) (-80 597 288 ) 
4 161 203 (-80 594 292 ) (-80 594 303 ) (-80 597 303 ) (-80 597 292 ) 
4 161 164 (-80 594 303 ) (-80 594 287 ) (-16 594 287 ) (-16 594 303 ) 
4 162 254 (-80 732 64 ) (-80 610 64 ) (-80 610 287 ) (-80 732 287 ) 
4 162 163 (-80 610 283 ) (-80 610 64 ) (-16 610 64 ) (-16 610 283 ) 
4 163 255 (-80 610 64 ) (-80 594 64 ) (-80 594 283 ) (-80 610 283 ) 
4 163 164 (-80 594 283 ) (-80 594 64 ) (-16 594 64 ) (-16 594 283 ) 
4 164 257 (-80 594 64 ) (-80 528 64 ) (-80 528 287 ) (-80 594 287 ) 
4 164 237 (-80 528 287 ) (-80 528 288 ) (-80 594 288 ) (-80 594 287 ) 
4 164 226 (-80 528 288 ) (-80 528 292 ) (-80 594 292 ) (-80 594 288 ) 
4 164 203 (-80 528 292 ) (-80 528 303 ) (-80 594 303 ) (-80 594 292 ) 
4 164 177 (-80 528 303 ) (-80 528 307 ) (-80 594 307 ) (-80 594 303 ) 
4 164 168 (-80 528 307 ) (-80 528 320 ) (-80 594 320 ) (-80 594 307 ) 
4 165 263 (-16 416 64 ) (-64 416 64 ) (-64 512 64 ) (-16 512 64 ) 
4 166 265 (-368 848 320 ) (-368 864 320 ) (-368 864 307 ) (-368 848 307 ) 
4 166 192 (-142.833328 848 307 ) (-103.833298 848 307 ) (-103.833298 848 320 ) (-142.833328 848 320 ) 
4 166 170 (-368 848 320 ) (-368 848 307 ) (-300 848 307 ) (-300 848 320 ) 
4 166 168 (-300 848 307 ) (-142.833328 848 307 ) (-142.833328 848 320 ) (-300 848 320 ) 
4 166 167 (-103.832687 848 320 ) (-103.832687 848 307 ) (-93 858 307 ) (-93 858 320 ) 
4 167 193 (-101.214287 848 307 ) (-94.785713 848 307 ) (-94.785713 848 320 ) (-101.214287 848 320 ) 
4 167 192 (-103.833298 848 307 ) (-101.214287 848 307 ) (-101.214287 848 320 ) (-103.833298 848 320 ) 
4 168 279 (-80 416 320 ) (-368 416 320 ) (-368 416 307 ) (-80 416 307 ) 
4 168 192 (-93 801.998901 307 ) (-142.834305 848 307 ) (-142.834305 848 320 ) (-93 801.998901 320 ) 
5 168 191 (-368 416 307 ) (-368 467.200043 307 ) (-366.071442 478 307 ) (-333.928558 478 307 ) (-322.857147 416 307 ) 
3 168 189 (-363.214294 494 307 ) (-350 568 307 ) (-336.785706 494 307 ) 
4 168 187 (-316 416 307 ) (-322.857147 416 307 ) (-333.928558 478 307 ) (-316 478 307 ) 
4 168 186 (-247 416 307 ) (-302 416 307 ) (-302 478 307 ) (-247 478 307 ) 
4 168 185 (-172 478 307 ) (-172 416 307 ) (-233 416 307 ) (-233 478 307 ) 
4 168 183 (-302 594 307 ) (-247 594 307 ) (-247 494 307 ) (-302 494 307 ) 
5 168 184 (-350 568 307 ) (-345.357147 594 307 ) (-316 594 307 ) (-316 494 307 ) (-336.785706 494 307 ) 
4 168 182 (-342.500000 610 307 ) (-320.714294 732 307 ) (-316 732 307 ) (-316 610 307 ) 
4 168 181 (-302 732 307 ) (-247 732 307 ) (-247 610 307 ) (-302 610 307 ) 
4 168 180 (-172 594 307 ) (-172 494 307 ) (-233 494 307 ) (-233 594 307 ) 
4 168 179 (-233 732 307 ) (-172 732 307 ) (-172 610 307 ) (-233 610 307 ) 
4 168 178 (-80 478 307 ) (-80 416 307 ) (-158 416 307 ) (-158 478 307 ) 
4 168 177 (-80 594 307 ) (-80 494 307 ) (-158 494 307 ) (-158 594 307 ) 
4 168 176 (-158 732 307 ) (-80 732 307 ) (-80 610 307 ) (-158 610 307 ) 
3 168 175 (-317.857147 748 307 ) (-316 758.400024 307 ) (-316 748 307 ) 
5 168 174 (-302 836.799988 307 ) (-300 848 307 ) (-247 848 307 ) (-247 748 307 ) (-302 748 307 ) 
4 168 173 (-233 848 307 ) (-172 848 307 ) (-172 748 307 ) (-233 748 307 ) 
5 168 172 (-158 848 307 ) (-142.832840 848 307 ) (-80 790 307 ) (-80 748 307 ) (-158 748 307 ) 
4 168 171 (-346.415192 588.075562 307 ) (-350 568 307 ) (-350 568 320 ) (-346.415192 588.075562 320 ) 
4 168 170 (-300 848 320 ) (-300 848 307 ) (-346.415192 588.075562 307 ) (-346.415192 588.075562 320 ) 
4 168 169 (-355 540 307 ) (-368 467.200684 307 ) (-368 467.200684 320 ) (-355 540 320 ) 
3 169 191 (-368 467.200043 307 ) (-368 478 307 ) (-366.071442 478 307 ) 
4 169 190 (-368 494 307 ) (-368 528 307 ) (-355 540 307 ) (-363.214294 494 307 ) 
4 170 265 (-368 640 320 ) (-368 848 320 ) (-368 848 307 ) (-368 640 307 ) 
3 170 188 (-368 610 307 ) (-368 668.800049 307 ) (-357.500000 610 307 ) 
3 170 184 (-345.357147 594 307 ) (-346.415100 588.075500 307 ) (-352.833313 594 307 ) 
5 170 182 (-368 668.800049 307 ) (-368 732 307 ) (-320.714294 732 307 ) (-342.500000 610 307 ) (-357.500000 610 307 ) 
5 170 175 (-368 748 307 ) (-368 848 307 ) (-316 848 307 ) (-316 758.400024 307 ) (-317.857147 748 307 ) 
3 170 174 (-302 848 307 ) (-300 848 307 ) (-302 836.799988 307 ) 
4 170 171 (-355 596 307 ) (-346.415192 588.075012 307 ) (-346.415192 588.075012 320 ) (-355 596 320 ) 
4 171 184 (-352.833313 594 307 ) (-346.415100 588.075500 307 ) (-350 568 307 ) (-354.642853 594 307 ) 
4 172 240 (-93 802 303 ) (-80 790 303 ) (-80 748 303 ) (-83.357140 748 303 ) 
5 172 195 (-158 848 303 ) (-142.833313 848 303 ) (-93 802 303 ) (-83.357140 748 303 ) (-158 748 303 ) 
4 172 192 (-93 801.998901 303 ) (-142.834305 848 303 ) (-142.834305 848 307 ) (-93 801.998901 307 ) 
4 173 198 (-233 848 303 ) (-172 848 303 ) (-172 748 303 ) (-233 748 303 ) 
4 174 199 (-302 848 303 ) (-247 848 303 ) (-247 748 303 ) (-302 748 303 ) 
4 175 266 (-368 748 307 ) (-368 848 307 ) (-368 848 303 ) (-368 748 303 ) 
4 175 201 (-368 748 303 ) (-368 848 303 ) (-316 848 303 ) (-316 748 303 ) 
3 176 242 (-80.500000 732 303 ) (-80 732 303 ) (-80 729.200012 303 ) 
5 176 202 (-158 732 303 ) (-80.500000 732 303 ) (-80 729.200012 303 ) (-80 610 303 ) (-158 610 303 ) 
4 177 203 (-80 594 303 ) (-80 494 303 ) (-158 494 303 ) (-158 594 303 ) 
4 178 284 (-158 416 303 ) (-80 416 303 ) (-80 416 307 ) (-158 416 307 ) 
4 178 204 (-80 478 303 ) (-80 416 303 ) (-158 416 303 ) (-158 478 303 ) 
4 179 205 (-233 732 303 ) (-172 732 303 ) (-172 610 303 ) (-233 610 303 ) 
4 180 206 (-172 594 303 ) (-172 494 303 ) (-233 494 303 ) (-233 594 303 ) 
4 181 207 (-302 732 303 ) (-247 732 303 ) (-247 610 303 ) (-302 610 303 ) 
4 182 267 (-368 668.800049 307 ) (-368 732 307 ) (-368 732 303 ) (-368 668.800049 303 ) 
5 182 208 (-368 668.800049 303 ) (-368 732 303 ) (-316 732 303 ) (-316 610 303 ) (-357.500000 610 303 ) 
4 182 188 (-357.499603 610 307 ) (-368 668.802246 307 ) (-368 668.802246 303 ) (-357.499603 610 303 ) 
4 183 209 (-247 594 303 ) (-247 494 303 ) (-302 494 303 ) (-302 594 303 ) 
4 184 210 (-316 494 303 ) (-336.785706 494 303 ) (-354.642853 594 303 ) (-316 594 303 ) 
4 184 189 (-336.785309 494 307 ) (-350 568.001160 307 ) (-350 568.001160 303 ) (-336.785309 494 303 ) 
4 185 287 (-233 416 303 ) (-172 416 303 ) (-172 416 307 ) (-233 416 307 ) 
4 185 211 (-172 478 303 ) (-172 416 303 ) (-233 416 303 ) (-233 478 303 ) 
4 186 289 (-302 416 303 ) (-247 416 303 ) (-247 416 307 ) (-302 416 307 ) 
4 186 212 (-247 416 303 ) (-302 416 303 ) (-302 478 303 ) (-247 478 303 ) 
4 187 290 (-322.857147 416 303 ) (-316 416 303 ) (-316 416 307 ) (-322.857147 416 307 ) 
4 187 213 (-316 416 303 ) (-322.857147 416 303 ) (-333.928558 478 303 ) (-316 478 303 ) 
4 187 191 (-322.856750 416 307 ) (-333.928162 478 307 ) (-333.928162 478 303 ) (-322.856750 416 303 ) 
4 188 267 (-368 640 307 ) (-368 668.800049 307 ) (-368 668.800049 303 ) (-368 640 303 ) 
3 188 243 (-368 610 303 ) (-368 668.800049 303 ) (-357.500000 610 303 ) 
3 189 244 (-350 568 303 ) (-336.785706 494 303 ) (-363.214294 494 303 ) 
4 189 190 (-355 540 303 ) (-363.214417 494 303 ) (-363.214417 494 307 ) (-355 540 307 ) 
4 190 245 (-368 494 303 ) (-368 528 303 ) (-355 540 303 ) (-363.214294 494 303 ) 
4 191 290 (-368 416 307 ) (-368 416 303 ) (-322.857147 416 303 ) (-322.857147 416 307 ) 
4 191 247 (-368 416 303 ) (-368 478 303 ) (-333.928558 478 303 ) (-322.857147 416 303 ) 
3 192 195 (-142.833313 848 303 ) (-101.214287 848 303 ) (-93 802 303 ) 
4 192 193 (-98 830 303 ) (-101.214424 848 303 ) (-101.214424 848 320 ) (-98 830 320 ) 
3 193 241 (-101.214287 848 303 ) (-94.785706 848 303 ) (-98 830 303 ) 
4 194 239 (-104.071564 864 292 ) (-104.071564 864 303 ) (-103.535851 861 303 ) (-103.535851 861 292 ) 
4 194 214 (-158 864 292 ) (-104.070366 864 292 ) (-103.534653 861 292 ) (-158 861 292 ) 
4 195 241 (-101.750137 851 303 ) (-98 830 303 ) (-98 830 292 ) (-101.750137 851 292 ) 
4 195 240 (-93 802 303 ) (-82.821564 745 303 ) (-82.821564 745 292 ) (-93 802 292 ) 
4 195 215 (-101.748940 851 292 ) (-82.820366 745 292 ) (-158 745 292 ) (-158 851 292 ) 
4 196 217 (-233 864 292 ) (-172 864 292 ) (-172 861 292 ) (-233 861 292 ) 
4 197 219 (-302 864 292 ) (-247 864 292 ) (-247 861 292 ) (-302 861 292 ) 
4 198 218 (-172 745 292 ) (-233 745 292 ) (-233 851 292 ) (-172 851 292 ) 
4 199 220 (-302 851 292 ) (-247 851 292 ) (-247 745 292 ) (-302 745 292 ) 
4 200 268 (-368 861 303 ) (-368 864 303 ) (-368 864 292 ) (-368 861 292 ) 
4 200 223 (-368 861 292 ) (-368 864 292 ) (-316 864 292 ) (-316 861 292 ) 
4 201 269 (-368 745 303 ) (-368 851 303 ) (-368 851 292 ) (-368 745 292 ) 
4 201 224 (-368 745 292 ) (-368 851 292 ) (-316 851 292 ) (-316 745 292 ) 
4 202 242 (-81.035851 735 303 ) (-80 729.199219 303 ) (-80 729.199219 292 ) (-81.035851 735 292 ) 
5 202 216 (-158 735 292 ) (-81.034653 735 292 ) (-80 729.205933 292 ) (-80 607 292 ) (-158 607 292 ) 
4 203 226 (-80 597 292 ) (-80 491 292 ) (-158 491 292 ) (-158 597 292 ) 
4 204 310 (-80 416 292 ) (-80 416 303 ) (-161 416 303 ) (-161 416 292 ) 
4 204 227 (-80 481 292 ) (-80 416 292 ) (-158 416 292 ) (-158 481 292 ) 
4 205 221 (-233 735 292 ) (-172 735 292 ) (-172 607 292 ) (-233 607 292 ) 
4 206 228 (-172 491 292 ) (-233 491 292 ) (-233 597 292 ) (-172 597 292 ) 
4 207 222 (-302 735 292 ) (-247 735 292 ) (-247 607 292 ) (-302 607 292 ) 
4 208 270 (-368 668.800049 303 ) (-368 735 303 ) (-368 735 292 ) (-368 668.800049 292 ) 
4 208 243 (-356.963867 607 303 ) (-368 668.802307 303 ) (-368 668.802307 292 ) (-356.963867 607 292 ) 
5 208 225 (-356.964142 607 292 ) (-368 668.800781 292 ) (-368 735 292 ) (-316 735 292 ) (-316 607 292 ) 
4 209 229 (-302 597 292 ) (-247 597 292 ) (-247 491 292 ) (-302 491 292 ) 
4 210 246 (-355 596 303 ) (-355.178162 597 303 ) (-355.178162 597 292 ) (-355 596 292 ) 
4 210 244 (-336.249573 491 303 ) (-350 568.001221 303 ) (-350 568.001221 292 ) (-336.249573 491 292 ) 
4 210 232 (-336.249847 491 292 ) (-355.178436 597 292 ) (-316 597 292 ) (-316 491 292 ) 
4 211 313 (-169 416 303 ) (-236 416 303 ) (-236 416 292 ) (-169 416 292 ) 
4 211 230 (-172 416 292 ) (-233 416 292 ) (-233 481 292 ) (-172 481 292 ) 
4 212 315 (-244 416 303 ) (-305 416 303 ) (-305 416 292 ) (-244 416 292 ) 
4 212 231 (-247 416 292 ) (-302 416 292 ) (-302 481 292 ) (-247 481 292 ) 
4 213 319 (-313 416 303 ) (-322.857147 416 303 ) (-322.857147 416 292 ) (-313 416 292 ) 
4 213 247 (-322.856720 416 292 ) (-322.856720 416 303 ) (-334.463867 481 303 ) (-334.463867 481 292 ) 
4 213 233 (-322.856995 416 292 ) (-334.464142 481 292 ) (-316 481 292 ) (-316 416 292 ) 
4 214 239 (-104.071564 864 288 ) (-104.071564 864 292 ) (-103.535851 861 292 ) (-103.535851 861 288 ) 
4 214 234 (-158 864 288 ) (-104.070366 864 288 ) (-103.534653 861 288 ) (-158 861 288 ) 
4 215 241 (-101.750137 851 292 ) (-98 830 292 ) (-98 830 288 ) (-101.750137 851 288 ) 
4 215 240 (-93 802 292 ) (-82.821571 745 292 ) (-82.821564 745 288 ) (-93 802 288 ) 
4 215 235 (-101.748940 851 288 ) (-82.820366 745 288 ) (-158 745 288 ) (-158 851 288 ) 
4 216 242 (-81.035858 735 292 ) (-80 729.199219 292 ) (-80 729.199219 288 ) (-81.035851 735 288 ) 
5 216 236 (-81.034653 735 288 ) (-80 729.205933 288 ) (-80 607 288 ) (-158 607 288 ) (-158 735 288 ) 
4 217 234 (-233 864 288 ) (-172 864 288 ) (-172 861 288 ) (-233 861 288 ) 
4 218 235 (-172 851 288 ) (-172 745 288 ) (-233 745 288 ) (-233 851 288 ) 
4 219 234 (-302 864 288 ) (-247 864 288 ) (-247 861 288 ) (-302 861 288 ) 
4 220 235 (-247 851 288 ) (-247 745 288 ) (-302 745 288 ) (-302 851 288 ) 
4 221 236 (-172 735 288 ) (-172 607 288 ) (-233 607 288 ) (-233 735 288 ) 
4 222 236 (-247 607 288 ) (-302 607 288 ) (-302 735 288 ) (-247 735 288 ) 
4 223 268 (-368 864 292 ) (-368 864 288 ) (-368 861 288 ) (-368 861 292 ) 
4 223 234 (-368 861 288 ) (-368 864 288 ) (-316 864 288 ) (-316 861 288 ) 
4 224 269 (-368 851 288 ) (-368 745 288 ) (-368 745 292 ) (-368 851 292 ) 
4 224 235 (-368 745 288 ) (-368 851 288 ) (-316 851 288 ) (-316 745 288 ) 
4 225 270 (-368 735 288 ) (-368 668.800049 288 ) (-368 668.800049 292 ) (-368 735 292 ) 
4 225 243 (-356.963867 607 292 ) (-368 668.802307 292 ) (-368 668.802307 288 ) (-356.963867 607 288 ) 
5 225 236 (-356.964142 607 288 ) (-368 668.800781 288 ) (-368 735 288 ) (-316 735 288 ) (-316 607 288 ) 
4 226 237 (-80 597 288 ) (-80 491 288 ) (-158 491 288 ) (-158 597 288 ) 
4 227 322 (-80 416 288 ) (-80 416 292 ) (-158 416 292 ) (-158 416 288 ) 
4 227 238 (-80 481 288 ) (-80 416 288 ) (-158 416 288 ) (-158 481 288 ) 
4 228 237 (-172 597 288 ) (-172 491 288 ) (-233 491 288 ) (-233 597 288 ) 
4 229 237 (-247 597 288 ) (-247 491 288 ) (-302 491 288 ) (-302 597 288 ) 
4 230 325 (-172 416 292 ) (-233 416 292 ) (-233 416 288 ) (-172 416 288 ) 
4 230 238 (-172 481 288 ) (-172 416 288 ) (-233 416 288 ) (-233 481 288 ) 
4 231 327 (-247 416 292 ) (-302 416 292 ) (-302 416 288 ) (-247 416 288 ) 
4 231 238 (-247 416 288 ) (-302 416 288 ) (-302 481 288 ) (-247 481 288 ) 
4 232 246 (-355 596 292 ) (-355.178162 597 292 ) (-355.178162 597 288 ) (-355 596 288 ) 
4 232 244 (-336.249573 491 292 ) (-350 568.001221 292 ) (-350 568.001221 288 ) (-336.249573 491 288 ) 
4 232 237 (-336.249847 491 288 ) (-355.178436 597 288 ) (-316 597 288 ) (-316 491 288 ) 
4 233 328 (-316 416 292 ) (-322.857147 416 292 ) (-322.857147 416 288 ) (-316 416 288 ) 
4 233 247 (-322.856720 416 288 ) (-322.856720 416 292 ) (-334.463867 481 292 ) (-334.463867 481 288 ) 
4 233 238 (-322.856995 416 288 ) (-334.464142 481 288 ) (-316 481 288 ) (-316 416 288 ) 
4 234 268 (-368 864 288 ) (-368 864 287 ) (-368 861 287 ) (-368 861 288 ) 
4 234 239 (-103.535851 861 287 ) (-104.071564 864 287 ) (-104.071564 864 288 ) (-103.535851 861 288 ) 
4 235 269 (-368 851 287 ) (-368 745 287 ) (-368 745 288 ) (-368 851 288 ) 
4 235 250 (-368 748 287 ) (-368 848 287 ) (-101.214294 848 287 ) (-83.357140 748 287 ) 
4 235 241 (-98 830 287 ) (-101.750137 851 287 ) (-101.750137 851 288 ) (-98 830 288 ) 
4 235 240 (-82.821564 745 287 ) (-93 802 287 ) (-93 802 288 ) (-82.821571 745 288 ) 
4 236 270 (-368 735 287 ) (-368 668.800049 287 ) (-368 668.800049 288 ) (-368 735 288 ) 
6 236 254 (-368 668.800049 287 ) (-368 732 287 ) (-80.500000 732 287 ) (-80 729.200012 287 ) (-80 610 287 ) (-357.500000 610 287 ) 
4 236 243 (-368 668.802307 287 ) (-356.963867 607 287 ) (-356.963867 607 288 ) (-368 668.802307 288 ) 
4 236 242 (-80 729.199219 287 ) (-81.035851 735 287 ) (-81.035858 735 288 ) (-80 729.199219 288 ) 
3 237 259 (-350 568 287 ) (-354.642883 594 287 ) (-345.357178 594 287 ) 
5 237 257 (-80 594 287 ) (-80 494 287 ) (-336.785706 494 287 ) (-350 568 287 ) (-345.357178 594 287 ) 
4 237 246 (-355.178162 597 287 ) (-355 596 287 ) (-355 596 288 ) (-355.178162 597 288 ) 
4 237 244 (-350 568.001221 287 ) (-336.249573 491 287 ) (-336.249573 491 288 ) (-350 568.001221 288 ) 
4 238 334 (-322.857147 416 287 ) (-80 416 287 ) (-80 416 288 ) (-322.857147 416 288 ) 
4 238 261 (-80 478 287 ) (-80 416 287 ) (-322.857147 416 287 ) (-333.928589 478 287 ) 
4 238 247 (-334.463867 481 287 ) (-322.856720 416 287 ) (-322.856720 416 288 ) (-334.463867 481 288 ) 
4 240 251 (-80 790 287 ) (-80 748 287 ) (-83.357140 748 287 ) (-93 802 287 ) 
3 241 252 (-98 830 287 ) (-101.214302 848 287 ) (-94.785713 848 287 ) 
3 242 254 (-80 732 287 ) (-80 729.200012 287 ) (-80.500000 732 287 ) 
4 243 270 (-368 640 303 ) (-368 668.800049 303 ) (-368 668.800049 287 ) (-368 640 287 ) 
3 243 254 (-368 610 287 ) (-368 668.800049 287 ) (-357.499969 610 287 ) 
3 244 257 (-350 568 287 ) (-336.785706 494 287 ) (-363.214294 494 287 ) 
4 244 245 (-355 540 287 ) (-363.750122 491 287 ) (-363.750122 491 303 ) (-355 540 303 ) 
4 245 258 (-368 494 287 ) (-368 528 287 ) (-355 540 287 ) (-363.214294 494 287 ) 
4 247 334 (-368 416 288 ) (-368 416 287 ) (-322.857147 416 287 ) (-322.857147 416 288 ) 
4 247 328 (-368 416 292 ) (-368 416 288 ) (-322.857147 416 288 ) (-322.857147 416 292 ) 
4 247 319 (-368 416 303 ) (-368 416 292 ) (-322.857147 416 292 ) (-322.857147 416 303 ) 
4 247 261 (-368 416 287 ) (-368 478 287 ) (-333.928589 478 287 ) (-322.857147 416 287 ) 
4 248 273 (-368 864 283 ) (-368 864 64 ) (-368 848 64 ) (-368 848 283 ) 
4 248 250 (-368 848 64 ) (-103.833298 848 64 ) (-103.833298 848 283 ) (-368 848 283 ) 
4 248 249 (-103.832687 848 283 ) (-103.832687 848 64 ) (-93 858 64 ) (-93 858 283 ) 
4 249 252 (-101.214287 848 64 ) (-94.785713 848 64 ) (-94.785713 848 283 ) (-101.214287 848 283 ) 
4 249 250 (-103.833298 848 64 ) (-101.214287 848 64 ) (-101.214287 848 283 ) (-103.833298 848 283 ) 
4 250 273 (-368 848 283 ) (-368 848 64 ) (-368 748 64 ) (-368 748 283 ) 
4 250 271 (-368 748 287 ) (-368 848 287 ) (-368 848 283 ) (-368 748 283 ) 
4 250 253 (-368 748 64 ) (-83.357147 748 64 ) (-83.357140 748 283 ) (-368 748 283 ) 
4 250 252 (-98 830 64 ) (-101.214432 848 64 ) (-101.214432 848 287 ) (-98 830 287 ) 
4 250 251 (-83.357285 748 287 ) (-83.357285 748 64 ) (-93 802 64 ) (-93 802 287 ) 
4 251 253 (-83.357147 748 64 ) (-80 748 64 ) (-80 748 283 ) (-83.357140 748 283 ) 
4 253 273 (-368 748 283 ) (-368 748 64 ) (-368 732 64 ) (-368 732 283 ) 
4 253 254 (-368 732 64 ) (-80 732 64 ) (-80 732 283 ) (-368 732 283 ) 
4 254 273 (-368 732 283 ) (-368 732 64 ) (-368 640 64 ) (-368 640 283 ) 
4 254 272 (-368 640 287 ) (-368 732 287 ) (-368 732 283 ) (-368 640 283 ) 
4 254 255 (-368 610 64 ) (-80 610 64 ) (-80 610 283 ) (-368 610 283 ) 
4 255 259 (-352.833344 594 64 ) (-345.357147 594 64 ) (-345.357147 594 283 ) (-352.833344 594 283 ) 
4 255 257 (-345.357147 594 64 ) (-80 594 64 ) (-80 594 283 ) (-345.357147 594 283 ) 
4 255 256 (-355 596 64 ) (-352.833984 594 64 ) (-352.833984 594 283 ) (-355 596 283 ) 
4 256 259 (-354.642853 594 64 ) (-352.833344 594 64 ) (-352.833344 594 283 ) (-354.642853 594 283 ) 
4 257 260 (-363.214294 494 64 ) (-80 494 64 ) (-80 494 283 ) (-363.214294 494 283 ) 
4 257 259 (-345.357269 594 287 ) (-345.357269 594 64 ) (-350 568 64 ) (-350 568 287 ) 
4 257 258 (-355 540 64 ) (-363.214417 494 64 ) (-363.214417 494 287 ) (-355 540 287 ) 
4 258 260 (-368 494 64 ) (-363.214294 494 64 ) (-363.214294 494 283 ) (-368 494 283 ) 
4 260 261 (-368 478 64 ) (-80 478 64 ) (-80 478 283 ) (-368 478 283 ) 
4 261 346 (-368 416 283 ) (-368 416 64 ) (-80 416 64 ) (-80 416 283 ) 
4 261 341 (-368 416 287 ) (-368 416 283 ) (-80 416 283 ) (-80 416 287 ) 
4 262 362 (-16 864 47.818802 ) (-16 768 47.818802 ) (-64 768 47.818802 ) (-64 864 47.818802 ) 
4 263 362 (-16 512 47.818802 ) (-16 416 47.818802 ) (-64 416 47.818802 ) (-64 512 47.818802 ) 
4 264 362 (-64 416 47.818802 ) (-368 416 47.818802 ) (-368 864 47.818802 ) (-64 864 47.818802 ) 
4 265 267 (-368 640 307 ) (-432 640 307 ) (-432 732 307 ) (-368 732 307 ) 
4 265 266 (-432 748 307 ) (-432 848 307 ) (-368 848 307 ) (-368 748 307 ) 
4 266 269 (-432 748 303 ) (-432 848 303 ) (-368 848 303 ) (-368 748 303 ) 
4 267 270 (-432 640 303 ) (-432 732 303 ) (-368 732 303 ) (-368 640 303 ) 
4 269 271 (-432 748 287 ) (-432 848 287 ) (-368 848 287 ) (-368 748 287 ) 
4 270 272 (-432 640 287 ) (-432 732 287 ) (-368 732 287 ) (-368 640 287 ) 
4 271 275 (-432 748 283 ) (-432 848 283 ) (-384 848 283 ) (-384 748 283 ) 
4 271 273 (-384 848 283 ) (-368 848 283 ) (-368 748 283 ) (-384 748 283 ) 
4 272 275 (-432 640 283 ) (-432 732 283 ) (-384 732 283 ) (-384 640 283 ) 
4 272 273 (-384 732 283 ) (-368 732 283 ) (-368 640 283 ) (-384 640 283 ) 
4 273 275 (-384 640 283 ) (-384 864 283 ) (-384 864 64 ) (-384 640 64 ) 
4 274 362 (-384 864 47.818802 ) (-368 864 47.818802 ) (-368 624 47.818802 ) (-384 624 47.818802 ) 
4 275 356 (-432 826 64 ) (-432 678 64 ) (-432 678 170 ) (-432 826 170 ) 
4 276 362 (-368 416 47.818802 ) (-384 416 47.818802 ) (-384 624 47.818802 ) (-368 624 47.818802 ) 
4 277 362 (-384 416 47.818802 ) (-432 416 47.818802 ) (-432 624 47.818802 ) (-384 624 47.818802 ) 
4 277 360 (-432 624 47.818802 ) (-432 416 47.818802 ) (-432 416 64 ) (-432 624 64 ) 
4 277 357 (-432 416 64 ) (-432 416 320 ) (-432 624 320 ) (-432 624 64 ) 
4 278 282 (-80 227 307 ) (-80 327 307 ) (-16 327 307 ) (-16 227 307 ) 
4 278 283 (-80 176 307 ) (-80 211 307 ) (-16 211 307 ) (-16 176 307 ) 
4 278 281 (-80 343 307 ) (-80 400 307 ) (-16 400 307 ) (-16 343 307 ) 
4 278 279 (-80 400 307 ) (-80 176 307 ) (-80 176 320 ) (-80 400 320 ) 
4 279 300 (-368 160 307 ) (-80 160 307 ) (-80 160 320 ) (-368 160 320 ) 
4 279 295 (-316 160 307 ) (-368 160 307 ) (-368 211 307 ) (-316 211 307 ) 
4 279 294 (-247 160 307 ) (-302 160 307 ) (-302 211 307 ) (-247 211 307 ) 
4 279 293 (-172 160 307 ) (-233 160 307 ) (-233 211 307 ) (-172 211 307 ) 
4 279 291 (-302 327 307 ) (-247 327 307 ) (-247 227 307 ) (-302 227 307 ) 
4 279 292 (-368 227 307 ) (-368 327 307 ) (-316 327 307 ) (-316 227 307 ) 
4 279 290 (-368 343 307 ) (-368 416 307 ) (-316 416 307 ) (-316 343 307 ) 
4 279 289 (-302 416 307 ) (-247 416 307 ) (-247 343 307 ) (-302 343 307 ) 
4 279 288 (-172 327 307 ) (-172 227 307 ) (-233 227 307 ) (-233 327 307 ) 
4 279 287 (-233 416 307 ) (-172 416 307 ) (-172 343 307 ) (-233 343 307 ) 
4 279 286 (-80 160 307 ) (-158 160 307 ) (-158 211 307 ) (-80 211 307 ) 
4 279 285 (-158 327 307 ) (-80 327 307 ) (-80 227 307 ) (-158 227 307 ) 
4 279 284 (-158 416 307 ) (-80 416 307 ) (-80 343 307 ) (-158 343 307 ) 
4 279 280 (-368 400 307 ) (-368 176 307 ) (-368 176 320 ) (-368 400 320 ) 
4 280 298 (-432 176 307 ) (-432 211 307 ) (-368 211 307 ) (-368 176 307 ) 
4 280 297 (-432 227 307 ) (-432 327 307 ) (-368 327 307 ) (-368 227 307 ) 
4 280 296 (-432 343 307 ) (-432 400 307 ) (-368 400 307 ) (-368 343 307 ) 
4 281 306 (-16 400 303 ) (-16 343 303 ) (-80 343 303 ) (-80 400 303 ) 
4 281 284 (-80 400 303 ) (-80 343 303 ) (-80 343 307 ) (-80 400 307 ) 
4 282 307 (-16 327 303 ) (-16 227 303 ) (-80 227 303 ) (-80 327 303 ) 
4 282 285 (-80 327 303 ) (-80 227 303 ) (-80 227 307 ) (-80 327 307 ) 
4 283 308 (-16 211 303 ) (-16 176 303 ) (-80 176 303 ) (-80 211 303 ) 
4 283 286 (-80 211 303 ) (-80 176 303 ) (-80 176 307 ) (-80 211 307 ) 
4 284 310 (-158 416 303 ) (-80 416 303 ) (-80 343 303 ) (-158 343 303 ) 
4 285 311 (-80 327 303 ) (-80 227 303 ) (-158 227 303 ) (-158 327 303 ) 
4 286 312 (-80 211 303 ) (-80 160 303 ) (-158 160 303 ) (-158 211 303 ) 
4 286 301 (-158 160 303 ) (-80 160 303 ) (-80 160 307 ) (-158 160 307 ) 
4 287 313 (-233 416 303 ) (-172 416 303 ) (-172 343 303 ) (-233 343 303 ) 
4 288 314 (-172 327 303 ) (-172 227 303 ) (-233 227 303 ) (-233 327 303 ) 
4 289 315 (-302 416 303 ) (-247 416 303 ) (-247 343 303 ) (-302 343 303 ) 
4 290 319 (-368 416 303 ) (-316 416 303 ) (-316 343 303 ) (-368 343 303 ) 
4 290 296 (-368 400 303 ) (-368 343 303 ) (-368 343 307 ) (-368 400 307 ) 
4 291 316 (-247 327 303 ) (-247 227 303 ) (-302 227 303 ) (-302 327 303 ) 
4 292 320 (-316 227 303 ) (-368 227 303 ) (-368 327 303 ) (-316 327 303 ) 
4 292 297 (-368 327 303 ) (-368 227 303 ) (-368 227 307 ) (-368 327 307 ) 
4 293 317 (-172 211 303 ) (-172 160 303 ) (-233 160 303 ) (-233 211 303 ) 
4 293 302 (-233 160 303 ) (-172 160 303 ) (-172 160 307 ) (-233 160 307 ) 
4 294 318 (-247 160 303 ) (-302 160 303 ) (-302 211 303 ) (-247 211 303 ) 
4 294 303 (-302 160 303 ) (-247 160 303 ) (-247 160 307 ) (-302 160 307 ) 
4 295 321 (-316 160 303 ) (-368 160 303 ) (-368 211 303 ) (-316 211 303 ) 
4 295 304 (-368 160 303 ) (-316 160 303 ) (-316 160 307 ) (-368 160 307 ) 
4 295 298 (-368 211 303 ) (-368 176 303 ) (-368 176 307 ) (-368 211 307 ) 
4 296 337 (-432 343 303 ) (-432 400 303 ) (-368 400 303 ) (-368 343 303 ) 
4 297 338 (-432 227 303 ) (-432 327 303 ) (-368 327 303 ) (-368 227 303 ) 
4 298 339 (-432 176 303 ) (-432 211 303 ) (-368 211 303 ) (-368 176 303 ) 
4 299 364 (-16 8 303 ) (-16 8 336 ) (-64 8 336 ) (-64 8 303 ) 
4 299 309 (-64 160 303 ) (-16 160 303 ) (-16 8 303 ) (-64 8 303 ) 
4 300 304 (-368 160 307 ) (-316 160 307 ) (-316 8 307 ) (-368 8 307 ) 
4 300 302 (-233 160 307 ) (-172 160 307 ) (-172 8 307 ) (-233 8 307 ) 
4 300 303 (-302 160 307 ) (-247 160 307 ) (-247 8 307 ) (-302 8 307 ) 
4 300 301 (-158 160 307 ) (-80 160 307 ) (-80 8 307 ) (-158 8 307 ) 
4 301 312 (-158 160 303 ) (-80 160 303 ) (-80 8 303 ) (-158 8 303 ) 
4 302 317 (-233 160 303 ) (-172 160 303 ) (-172 8 303 ) (-233 8 303 ) 
4 303 318 (-302 160 303 ) (-247 160 303 ) (-247 8 303 ) (-302 8 303 ) 
4 304 321 (-368 160 303 ) (-316 160 303 ) (-316 8 303 ) (-368 8 303 ) 
4 305 367 (-432 8 320 ) (-432 8 303 ) (-384 8 303 ) (-384 8 320 ) 
4 305 365 (-384 8 336 ) (-432 8 336 ) (-432 8 320 ) (-384 8 320 ) 
4 305 359 (-432 8 303 ) (-432 8 320 ) (-432 160 320 ) (-432 160 303 ) 
4 305 355 (-432 8 320 ) (-432 8 336 ) (-432 160 336 ) (-432 160 320 ) 
4 305 340 (-432 8 303 ) (-432 160 303 ) (-384 160 303 ) (-384 8 303 ) 
4 306 342 (-16 400 287 ) (-16 343 287 ) (-80 343 287 ) (-80 400 287 ) 
4 306 334 (-80 400 287 ) (-80 340 287 ) (-80 340 288 ) (-80 400 288 ) 
4 306 322 (-80 340 288 ) (-80 340 292 ) (-80 400 292 ) (-80 400 288 ) 
4 306 310 (-80 340 292 ) (-80 340 303 ) (-80 400 303 ) (-80 400 292 ) 
4 307 343 (-16 327 287 ) (-16 227 287 ) (-80 227 287 ) (-80 327 287 ) 
4 307 335 (-80 330 287 ) (-80 224 287 ) (-80 224 288 ) (-80 330 288 ) 
4 307 323 (-80 224 288 ) (-80 224 292 ) (-80 330 292 ) (-80 330 288 ) 
4 307 311 (-80 224 292 ) (-80 224 303 ) (-80 330 303 ) (-80 330 292 ) 
4 308 344 (-16 211 287 ) (-16 176 287 ) (-80 176 287 ) (-80 211 287 ) 
4 308 336 (-80 214 287 ) (-80 176 287 ) (-80 176 288 ) (-80 214 288 ) 
4 308 324 (-80 176 288 ) (-80 176 292 ) (-80 214 292 ) (-80 214 288 ) 
4 308 312 (-80 176 292 ) (-80 176 303 ) (-80 214 303 ) (-80 214 292 ) 
4 309 364 (-16 8 287 ) (-16 8 303 ) (-64 8 303 ) (-64 8 287 ) 
4 309 350 (-16 160 287 ) (-16 8 287 ) (-64 8 287 ) (-64 160 287 ) 
4 310 322 (-158 416 292 ) (-80 416 292 ) (-80 340 292 ) (-158 340 292 ) 
4 311 323 (-80 330 292 ) (-80 224 292 ) (-158 224 292 ) (-158 330 292 ) 
4 312 324 (-80 214 292 ) (-80 8 292 ) (-158 8 292 ) (-158 214 292 ) 
4 313 325 (-233 416 292 ) (-172 416 292 ) (-172 340 292 ) (-233 340 292 ) 
4 314 326 (-172 224 292 ) (-233 224 292 ) (-233 330 292 ) (-172 330 292 ) 
4 315 327 (-302 416 292 ) (-247 416 292 ) (-247 340 292 ) (-302 340 292 ) 
4 316 329 (-247 224 292 ) (-302 224 292 ) (-302 330 292 ) (-247 330 292 ) 
4 317 331 (-172 8 292 ) (-233 8 292 ) (-233 214 292 ) (-172 214 292 ) 
4 318 332 (-247 8 292 ) (-302 8 292 ) (-302 214 292 ) (-247 214 292 ) 
4 319 337 (-368 340 303 ) (-368 400 303 ) (-368 400 292 ) (-368 340 292 ) 
4 319 328 (-368 340 292 ) (-368 416 292 ) (-316 416 292 ) (-316 340 292 ) 
4 320 338 (-368 224 303 ) (-368 330 303 ) (-368 330 292 ) (-368 224 292 ) 
4 320 330 (-368 224 292 ) (-368 330 292 ) (-316 330 292 ) (-316 224 292 ) 
4 321 339 (-368 176 303 ) (-368 214 303 ) (-368 214 292 ) (-368 176 292 ) 
4 321 333 (-368 8 292 ) (-368 214 292 ) (-316 214 292 ) (-316 8 292 ) 
4 322 334 (-158 416 288 ) (-80 416 288 ) (-80 340 288 ) (-158 340 288 ) 
4 323 335 (-80 330 288 ) (-80 224 288 ) (-158 224 288 ) (-158 330 288 ) 
4 324 336 (-80 214 288 ) (-80 8 288 ) (-158 8 288 ) (-158 214 288 ) 
4 325 334 (-233 416 288 ) (-172 416 288 ) (-172 340 288 ) (-233 340 288 ) 
4 326 335 (-172 330 288 ) (-172 224 288 ) (-233 224 288 ) (-233 330 288 ) 
4 327 334 (-302 416 288 ) (-247 416 288 ) (-247 340 288 ) (-302 340 288 ) 
4 328 337 (-368 340 292 ) (-368 400 292 ) (-368 400 288 ) (-368 340 288 ) 
4 328 334 (-368 340 288 ) (-368 416 288 ) (-316 416 288 ) (-316 340 288 ) 
4 329 335 (-302 330 288 ) (-247 330 288 ) (-247 224 288 ) (-302 224 288 ) 
4 330 338 (-368 224 292 ) (-368 330 292 ) (-368 330 288 ) (-368 224 288 ) 
4 330 335 (-368 224 288 ) (-368 330 288 ) (-316 330 288 ) (-316 224 288 ) 
4 331 336 (-172 214 288 ) (-172 8 288 ) (-233 8 288 ) (-233 214 288 ) 
4 332 336 (-247 214 288 ) (-247 8 288 ) (-302 8 288 ) (-302 214 288 ) 
4 333 339 (-368 176 292 ) (-368 214 292 ) (-368 214 288 ) (-368 176 288 ) 
4 333 336 (-368 8 288 ) (-368 214 288 ) (-316 214 288 ) (-316 8 288 ) 
4 334 342 (-80 400 287 ) (-80 343 287 ) (-368 343 287 ) (-368 400 287 ) 
4 334 341 (-368 416 287 ) (-80 416 287 ) (-80 400 287 ) (-368 400 287 ) 
4 334 337 (-368 400 287 ) (-368 340 287 ) (-368 340 288 ) (-368 400 288 ) 
4 335 343 (-80 327 287 ) (-80 227 287 ) (-368 227 287 ) (-368 327 287 ) 
4 335 338 (-368 330 287 ) (-368 224 287 ) (-368 224 288 ) (-368 330 288 ) 
4 336 351 (-80 160 287 ) (-80 8 287 ) (-368 8 287 ) (-368 160 287 ) 
4 336 349 (-80 176 287 ) (-80 160 287 ) (-368 160 287 ) (-368 176 287 ) 
4 336 344 (-80 211 287 ) (-80 176 287 ) (-368 176 287 ) (-368 211 287 ) 
4 336 339 (-368 214 287 ) (-368 176 287 ) (-368 176 288 ) (-368 214 288 ) 
4 337 342 (-432 343 287 ) (-432 400 287 ) (-368 400 287 ) (-368 343 287 ) 
4 338 343 (-432 227 287 ) (-432 327 287 ) (-368 327 287 ) (-368 227 287 ) 
4 339 344 (-432 176 287 ) (-432 211 287 ) (-368 211 287 ) (-368 176 287 ) 
4 340 367 (-384 8 303 ) (-432 8 303 ) (-432 8 287 ) (-384 8 287 ) 
4 340 359 (-432 8 287 ) (-432 8 303 ) (-432 160 303 ) (-432 160 287 ) 
4 340 353 (-432 8 287 ) (-432 160 287 ) (-384 160 287 ) (-384 8 287 ) 
4 341 346 (-368 416 283 ) (-80 416 283 ) (-80 400 283 ) (-368 400 283 ) 
4 341 342 (-368 400 283 ) (-80 400 283 ) (-80 400 287 ) (-368 400 287 ) 
4 342 348 (-432 343 283 ) (-432 400 283 ) (-384 400 283 ) (-384 343 283 ) 
4 342 347 (-384 400 283 ) (-64 400 283 ) (-64 343 283 ) (-384 343 283 ) 
4 342 345 (-64 400 283 ) (-16 400 283 ) (-16 343 283 ) (-64 343 283 ) 
4 343 348 (-432 227 283 ) (-432 327 283 ) (-384 327 283 ) (-384 227 283 ) 
4 343 347 (-384 327 283 ) (-64 327 283 ) (-64 227 283 ) (-384 227 283 ) 
4 343 345 (-64 327 283 ) (-16 327 283 ) (-16 227 283 ) (-64 227 283 ) 
4 344 349 (-80 176 287 ) (-368 176 287 ) (-368 176 283 ) (-80 176 283 ) 
4 344 348 (-384 176 283 ) (-432 176 283 ) (-432 211 283 ) (-384 211 283 ) 
4 344 347 (-64 176 283 ) (-384 176 283 ) (-384 211 283 ) (-64 211 283 ) 
4 344 345 (-16 176 283 ) (-64 176 283 ) (-64 211 283 ) (-16 211 283 ) 
4 345 347 (-64 176 63.989201 ) (-64 176 283 ) (-64 400 283 ) (-64 400 63.989201 ) 
4 346 347 (-368 400 64 ) (-80 400 64 ) (-80 400 283 ) (-368 400 283 ) 
4 347 349 (-80 176 283 ) (-368 176 283 ) (-368 176 64 ) (-80 176 64 ) 
4 347 348 (-384 176 64 ) (-384 176 283 ) (-384 400 283 ) (-384 400 64 ) 
4 348 358 (-432 362 170 ) (-432 362 64 ) (-432 214 64 ) (-432 214 170 ) 
4 349 351 (-80 160 287 ) (-368 160 287 ) (-368 160 64 ) (-80 160 64 ) 
4 350 368 (-64 8 47.818802 ) (-16 8 47.818802 ) (-16 8 64 ) (-64 8 64 ) 
4 350 364 (-16 8 64 ) (-16 8 287 ) (-64 8 287 ) (-64 8 64 ) 
4 350 362 (-16 160 47.818802 ) (-16 8 47.818802 ) (-64 8 47.818802 ) (-64 160 47.818802 ) 
4 351 366 (-260 8 64 ) (-148 8 64 ) (-148 8 144 ) (-260 8 144 ) 
4 352 362 (-64 8 47.818802 ) (-384 8 47.818802 ) (-384 160 47.818802 ) (-64 160 47.818802 ) 
4 353 369 (-432 8 47.818802 ) (-384 8 47.818802 ) (-384 8 64 ) (-432 8 64 ) 
4 353 367 (-384 8 64 ) (-384 8 287 ) (-432 8 287 ) (-432 8 64 ) 
4 353 362 (-384 8 47.818802 ) (-432 8 47.818802 ) (-432 160 47.818802 ) (-384 160 47.818802 ) 
4 353 361 (-432 160 47.818802 ) (-432 8 47.818802 ) (-432 8 64 ) (-432 160 64 ) 
4 353 359 (-432 8 64 ) (-432 8 287 ) (-432 160 287 ) (-432 160 64 ) 
4 354 372 (-448 416 336 ) (-448 624 336 ) (-448 624 320 ) (-448 416 320 ) 
4 354 357 (-432 624 320 ) (-432 416 320 ) (-448 416 320 ) (-448 624 320 ) 
4 355 372 (-448 8 320 ) (-448 8 336 ) (-448 160 336 ) (-448 160 320 ) 
4 355 365 (-448 8 336 ) (-448 8 320 ) (-432 8 320 ) (-432 8 336 ) 
4 355 359 (-432 160 320 ) (-432 8 320 ) (-448 8 320 ) (-448 160 320 ) 
4 356 381 (-448 826 170 ) (-448 826 64 ) (-448 678 64 ) (-448 678 170 ) 
4 357 385 (-448 416 320 ) (-448 624 320 ) (-448 624 64 ) (-448 416 64 ) 
4 357 360 (-448 624 64 ) (-432 624 64 ) (-432 416 64 ) (-448 416 64 ) 
4 358 387 (-448 362 170 ) (-448 362 64 ) (-448 214 64 ) (-448 214 170 ) 
4 359 389 (-448 8 64 ) (-448 8 320 ) (-448 160 320 ) (-448 160 64 ) 
4 359 367 (-448 8 320 ) (-448 8 64 ) (-432 8 64 ) (-432 8 320 ) 
4 359 361 (-432 160 64 ) (-432 8 64 ) (-448 8 64 ) (-448 160 64 ) 
4 360 385 (-448 416 64 ) (-448 624 64 ) (-448 624 47.818802 ) (-448 416 47.818802 ) 
4 360 362 (-448 416 47.818802 ) (-448 624 47.818802 ) (-432 624 47.818802 ) (-432 416 47.818802 ) 
4 361 389 (-448 8 47.818802 ) (-448 8 64 ) (-448 160 64 ) (-448 160 47.818802 ) 
4 361 369 (-448 8 64 ) (-448 8 47.818802 ) (-432 8 47.818802 ) (-432 8 64 ) 
4 361 362 (-432 8 47.818802 ) (-448 8 47.818802 ) (-448 160 47.818802 ) (-432 160 47.818802 ) 
4 362 389 (-448 8 -1024 ) (-448 8 47.818802 ) (-448 160 47.818802 ) (-448 160 -1024 ) 
4 362 388 (-448 160 47.818802 ) (-448 416 47.818802 ) (-448 416 -1024 ) (-448 160 -1024 ) 
4 362 385 (-448 416 47.818802 ) (-448 624 47.818802 ) (-448 624 -1024 ) (-448 416 -1024 ) 
4 362 383 (-448 624 47.818802 ) (-448 944 47.818802 ) (-448 944 -1024 ) (-448 624 -1024 ) 
4 362 379 (-448 944 47.818802 ) (-448 960 47.818802 ) (-448 960 -1024 ) (-448 944 -1024 ) 
4 362 370 (-448 8 47.818802 ) (-448 8 -1024 ) (-16 8 -1024 ) (-16 8 47.818802 ) 
4 363 396 (-384 0 1024 ) (-448 0 1024 ) (-448 0 336 ) (-384 0 336 ) 
4 363 394 (-80 0 1024 ) (-384 0 1024 ) (-384 0 336 ) (-80 0 336 ) 
4 363 393 (-64 0 1024 ) (-80 0 1024 ) (-80 0 336 ) (-64 0 336 ) 
4 363 392 (0 0 336 ) (0 0 1024 ) (-64 0 1024 ) (-64 0 336 ) 
4 363 371 (-448 0 336 ) (-448 0 1024 ) (-448 8 1024 ) (-448 8 336 ) 
4 363 365 (-384 0 336 ) (-448 0 336 ) (-448 8 336 ) (-384 8 336 ) 
4 363 364 (0 0 336 ) (-64 0 336 ) (-64 8 336 ) (0 8 336 ) 
4 364 392 (0 0 64 ) (0 0 336 ) (-64 0 336 ) (-64 0 64 ) 
4 364 368 (-64 8 64 ) (0 8 64 ) (0 0 64 ) (-64 0 64 ) 
4 365 396 (-384 0 336 ) (-448 0 336 ) (-448 0 320 ) (-384 0 320 ) 
4 365 372 (-448 0 320 ) (-448 0 336 ) (-448 8 336 ) (-448 8 320 ) 
4 365 367 (-448 0 320 ) (-448 8 320 ) (-384 8 320 ) (-384 0 320 ) 
4 366 395 (-260 0 64 ) (-148 0 64 ) (-148 0 144 ) (-260 0 144 ) 
4 367 396 (-448 0 320 ) (-448 0 64 ) (-384 0 64 ) (-384 0 320 ) 
4 367 389 (-448 0 64 ) (-448 0 320 ) (-448 8 320 ) (-448 8 64 ) 
4 367 369 (-448 0 64 ) (-448 8 64 ) (-384 8 64 ) (-384 0 64 ) 
4 368 397 (0 0 48 ) (0 0 64 ) (-64 0 64 ) (-64 0 48 ) 
4 368 370 (0 0 48 ) (-64 0 48 ) (-64 8 48 ) (0 8 48 ) 
4 369 398 (-384 0 64 ) (-448 0 64 ) (-448 0 48 ) (-384 0 48 ) 
4 369 389 (-448 0 48 ) (-448 0 64 ) (-448 8 64 ) (-448 8 48 ) 
4 369 370 (-384 0 48 ) (-448 0 48 ) (-448 8 48 ) (-384 8 48 ) 
4 370 399 (0 0 -1024 ) (0 0 48 ) (-448 0 48 ) (-448 0 -1024 ) 
4 370 389 (-448 0 -1024 ) (-448 0 48 ) (-448 8 48 ) (-448 8 -1024 ) 
4 371 396 (-448 0 336 ) (-448 0 1024 ) (-1024 0 1024 ) (-1024 0 336 ) 
4 371 372 (-448 928 336 ) (-448 0 336 ) (-624 0 336 ) (-624 928 336 ) 
4 371 373 (-1024 1024 336 ) (-624 1024 336 ) (-624 0 336 ) (-1024 0 336 ) 
4 372 396 (-448 0 320 ) (-448 0 336 ) (-624 0 336 ) (-624 0 320 ) 
4 372 389 (-448 160 320 ) (-448 0 320 ) (-624 0 320 ) (-624 160 320 ) 
4 372 386 (-448 416 320 ) (-448 160 320 ) (-624 160 320 ) (-624 416 320 ) 
4 372 385 (-448 624 320 ) (-448 416 320 ) (-624 416 320 ) (-624 624 320 ) 
4 372 380 (-448 928 320 ) (-448 624 320 ) (-624 624 320 ) (-624 928 320 ) 
4 372 373 (-624 928 320 ) (-624 0 320 ) (-624 0 336 ) (-624 928 336 ) 
4 373 396 (-624 0 336 ) (-1024 0 336 ) (-1024 0 320 ) (-624 0 320 ) 
4 373 390 (-1024 0 320 ) (-1024 624 320 ) (-640 624 320 ) (-640 0 320 ) 
4 373 389 (-624 160 320 ) (-624 0 320 ) (-640 0 320 ) (-640 160 320 ) 
4 373 386 (-624 416 320 ) (-624 160 320 ) (-640 160 320 ) (-640 416 320 ) 
4 373 385 (-640 624 320 ) (-624 624 320 ) (-624 416 320 ) (-640 416 320 ) 
4 373 384 (-1024 624 320 ) (-1024 944 320 ) (-624 944 320 ) (-624 624 320 ) 
4 373 378 (-1024 944 320 ) (-1024 1024 320 ) (-624 1024 320 ) (-624 944 320 ) 
4 374 377 (-496 944 176 ) (-496 944 320 ) (-496 1024 320 ) (-496 1024 176 ) 
4 374 376 (-456 944 176 ) (-496 944 176 ) (-496 1024 176 ) (-456 1024 176 ) 
4 374 375 (-456 952 176 ) (-456 1024 176 ) (-448 1024 176 ) (-448 952 176 ) 
4 375 376 (-456 952 64.011299 ) (-456 952 176 ) (-456 1024 176 ) (-456 1024 64.011299 ) 
4 376 382 (-456 944 176 ) (-496 944 176 ) (-496 944 64.011299 ) (-456 944 64.011299 ) 
4 376 377 (-496 944 64.011299 ) (-496 944 176 ) (-496 1024 176 ) (-496 1024 64.011299 ) 
4 377 382 (-608 944 176 ) (-608 944 64.011299 ) (-496 944 64.011299 ) (-496 944 176 ) 
4 378 384 (-624 944 320 ) (-1024 944 320 ) (-1024 944 48.011299 ) (-624 944 48.011299 ) 
4 378 379 (-624 944 48.011299 ) (-1024 944 48.011299 ) (-1024 1024 48.011299 ) (-624 1024 48.011299 ) 
4 379 384 (-624 944 48.011299 ) (-1024 944 48.011299 ) (-1024 944 -1024 ) (-624 944 -1024 ) 
4 379 383 (-448 944 -1024 ) (-448 944 48.011299 ) (-624 944 48.011299 ) (-624 944 -1024 ) 
4 380 385 (-448 624 192 ) (-448 624 320 ) (-624 624 320 ) (-624 624 192 ) 
4 380 384 (-624 928 192 ) (-624 624 192 ) (-624 624 320 ) (-624 928 320 ) 
4 381 382 (-456 640 64.011299 ) (-456 640 176 ) (-456 880 176 ) (-456 880 64.011299 ) 
4 383 385 (-448 624 -1024 ) (-448 624 48.011299 ) (-624 624 48.011299 ) (-624 624 -1024 ) 
4 383 384 (-624 944 48.011299 ) (-624 944 -1024 ) (-624 624 -1024 ) (-624 624 48.011299 ) 
4 384 390 (-640 624 320 ) (-1024 624 320 ) (-1024 624 -1024 ) (-640 624 -1024 ) 
4 384 385 (-624 624 320 ) (-640 624 320 ) (-640 624 -1024 ) (-624 624 -1024 ) 
4 385 390 (-640 624 320 ) (-640 624 -1024 ) (-640 416 -1024 ) (-640 416 320 ) 
4 385 388 (-640 416 48 ) (-640 416 -1024 ) (-448 416 -1024 ) (-448 416 48 ) 
4 385 386 (-640 416 320 ) (-640 416 192.022995 ) (-448 416 192.022995 ) (-448 416 320 ) 
4 386 390 (-640 160 192.022995 ) (-640 160 320 ) (-640 416 320 ) (-640 416 192.022995 ) 
4 386 389 (-640 160 320 ) (-640 160 192.022995 ) (-448 160 192.022995 ) (-448 160 320 ) 
4 388 390 (-640 160 -1024 ) (-640 160 48 ) (-640 416 48 ) (-640 416 -1024 ) 
4 388 389 (-640 160 48 ) (-640 160 -1024 ) (-448 160 -1024 ) (-448 160 48 ) 
4 389 399 (-448 0 -1024 ) (-448 0 48 ) (-640 0 48 ) (-640 0 -1024 ) 
4 389 398 (-448 0 48 ) (-448 0 64 ) (-640 0 64 ) (-640 0 48 ) 
4 389 396 (-448 0 64 ) (-448 0 320 ) (-640 0 320 ) (-640 0 64 ) 
4 389 390 (-640 0 -1024 ) (-640 0 320 ) (-640 160 320 ) (-640 160 -1024 ) 
4 390 399 (-640 0 -1024 ) (-640 0 48 ) (-1024 0 48 ) (-1024 0 -1024 ) 
4 390 398 (-640 0 48 ) (-640 0 64 ) (-1024 0 64 ) (-1024 0 48 ) 
4 390 396 (-640 0 64 ) (-640 0 320 ) (-1024 0 320 ) (-1024 0 64 ) 
4 391 401 (0 -8 -1024 ) (0 -1024 -1024 ) (0 -1024 64 ) (0 -8 64 ) 
4 391 400 (0 -1024 64 ) (0 -1024 1024 ) (0 -8 1024 ) (0 -8 64 ) 
4 391 399 (0 0 48 ) (0 0 -1024 ) (0 -8 -1024 ) (0 -8 48 ) 
4 391 397 (0 0 64 ) (0 0 48 ) (0 -8 48 ) (0 -8 64 ) 
4 391 392 (0 0 1024 ) (0 0 64 ) (0 -8 64 ) (0 -8 1024 ) 
4 392 400 (0 -8 64 ) (0 -8 1024 ) (-64 -8 1024 ) (-64 -8 64 ) 
4 392 397 (0 -8 64 ) (-64 -8 64 ) (-64 0 64 ) (0 0 64 ) 
4 392 393 (-64 -8 336 ) (-64 -8 1024 ) (-64 0 1024 ) (-64 0 336 ) 
4 393 400 (-64 -8 1024 ) (-80 -8 1024 ) (-80 -8 336 ) (-64 -8 336 ) 
4 393 394 (-80 -8 336 ) (-80 -8 1024 ) (-80 0 1024 ) (-80 0 336 ) 
4 394 400 (-80 -8 1024 ) (-384 -8 1024 ) (-384 -8 336 ) (-80 -8 336 ) 
4 394 396 (-384 -8 336 ) (-384 -8 1024 ) (-384 0 1024 ) (-384 0 336 ) 
4 395 400 (-260 -8 64 ) (-148 -8 64 ) (-148 -8 144 ) (-260 -8 144 ) 
4 396 400 (-1024 -8 1024 ) (-1024 -8 64 ) (-384 -8 64 ) (-384 -8 1024 ) 
4 396 398 (-384 -8 64 ) (-1024 -8 64 ) (-1024 0 64 ) (-384 0 64 ) 
4 397 401 (0 -8 48 ) (0 -8 64 ) (-64 -8 64 ) (-64 -8 48 ) 
4 397 399 (0 -8 48 ) (-64 -8 48 ) (-64 0 48 ) (0 0 48 ) 
4 398 404 (-384 -8 64 ) (-1024 -8 64 ) (-1024 -8 48 ) (-384 -8 48 ) 
4 398 399 (-384 -8 48 ) (-1024 -8 48 ) (-1024 0 48 ) (-384 0 48 ) 
4 399 402 (-64 -8 48 ) (-384 -8 48 ) (-384 -8 -1024 ) (-64 -8 -1024 ) 
4 399 401 (0 -8 -1024 ) (0 -8 48 ) (-64 -8 48 ) (-64 -8 -1024 ) 
4 399 404 (-384 -8 48 ) (-1024 -8 48 ) (-1024 -8 -1024 ) (-384 -8 -1024 ) 
4 400 403 (-64 -1024 64 ) (-384 -1024 64 ) (-384 -151 64 ) (-64 -151 64 ) 
4 400 401 (0 -1024 64 ) (-64 -1024 64 ) (-64 -8 64 ) (0 -8 64 ) 
4 400 404 (-384 -1024 64 ) (-1024 -1024 64 ) (-1024 -8 64 ) (-384 -8 64 ) 
4 401 402 (-64 -8 -1024 ) (-64 -151 -1024 ) (-64 -151 48 ) (-64 -8 48 ) 
4 401 403 (-64 -151 -1024 ) (-64 -1024 -1024 ) (-64 -1024 64 ) (-64 -151 64 ) 
4 402 403 (-384 -151 48 ) (-384 -151 -1024 ) (-64 -151 -1024 ) (-64 -151 48 ) 
4 402 404 (-384 -8 -1024 ) (-384 -151 -1024 ) (-384 -151 48 ) (-384 -8 48 ) 
4 403 404 (-384 -151 -1024 ) (-384 -1024 -1024 ) (-384 -1024 64 ) (-384 -151 64 ) 
